{"name": "test_CredKart_Title_007", "status": "failed", "statusDetails": {"message": "AssertionError: Title not matched\nassert 'CredKart' == 'CredKart1'\n  \n  \u001b[0m\u001b[91m- CredKart1\u001b[39;49;00m\u001b[90m\u001b[39;49;00m\n  ?         -\u001b[90m\u001b[39;49;00m\n  \u001b[92m+ CredKart\u001b[39;49;00m\u001b[90m\u001b[39;49;00m", "trace": "self = <test_file7.Test005 object at 0x0000015B876E4690>\ndriver_setup = <selenium.webdriver.chrome.webdriver.WebDriver (session=\"b6cb28151ef73a3ec61d99d8cd1e2e03\")>\n\n    @pytest.mark.sanity\n    @pytest.mark.web\n    def test_CredKart_Title_007(self, driver_setup): # fail\n        #driver = webdriver.Firefox()\n        self.driver = driver_setup\n        self.driver.get(\"https://automation.credence.in/login\")\n        print(f\"Driver title is: {self.driver.title}\")\n>       assert self.driver.title == \"CredKart1\", \"Title not matched\" # given wrong title\n        ^^^^^^^^^^^^^^^^^^^^^^^^^^^^^^^^^^^^^^^^^^^^^^^^^^^^^^^^^^^^\nE       AssertionError: Title not matched\nE       assert 'CredKart' == 'CredKart1'\nE         \nE         \u001b[0m\u001b[91m- CredKart1\u001b[39;49;00m\u001b[90m\u001b[39;49;00m\nE         ?         -\u001b[90m\u001b[39;49;00m\nE         \u001b[92m+ CredKart\u001b[39;49;00m\u001b[90m\u001b[39;49;00m\n\nTest_Cases\\test_file7.py:20: AssertionError"}, "attachments": [{"name": "stdout", "source": "13b27fb8-c139-4c8a-9449-651ec5a5f760-attachment.txt", "type": "text/plain"}], "start": 1750107902398, "stop": 1750107915287, "uuid": "84282c1b-669b-4852-ab8a-06cc17ccc000", "historyId": "7b9a9163bd338b829b6962055f6cbb29", "testCaseId": "7b9a9163bd338b829b6962055f6cbb29", "fullName": "Test_Cases.test_file7.Test005#test_CredKart_Title_007", "labels": [{"name": "tag", "value": "web"}, {"name": "tag", "value": "sanity"}, {"name": "parentSuite", "value": "Test_Cases"}, {"name": "suite", "value": "test_file7"}, {"name": "subSuite", "value": "Test005"}, {"name": "host", "value": "Electricion"}, {"name": "thread", "value": "8860-MainThread"}, {"name": "framework", "value": "pytest"}, {"name": "language", "value": "cpython3"}, {"name": "package", "value": "Test_Cases.test_file7"}]}