{"name": "test_bankapp_login_DDT_003", "status": "failed", "statusDetails": {"message": "AssertionError: Test Case Failed\nassert 'Fail' not in ['Pass', 'Fail', 'Pass', 'Pass']", "trace": "self = <test_file9_BankApp_Login_DDt_Excel_file.Test_BankApp_Login_DDT object at 0x0000015B876E4B90>\ndriver_setup = <selenium.webdriver.chrome.webdriver.WebDriver (session=\"183d2c5dade33266b1f31fe2d9e8081e\")>\n\n    def test_bankapp_login_DDT_003(self, driver_setup):\n        driver = driver_setup\n        driver.get(\"https://apps.credence.in/login.html\")\n        driver.maximize_window()\n        # time.sleep(2)\n        print(\"Title of the page:\", driver.title)\n        #########################################################################\n        rows = Excel_utils.get_row_count(self.excel_file_path, self.sheet_name)\n        print(\"Total rows are:\", rows)\n        Result_List = []\n        for r in range(2, rows+1):\n    \n            username = Excel_utils.read_data_from_excel(self.excel_file_path, self.sheet_name, r, 2)\n            password = Excel_utils.read_data_from_excel(self.excel_file_path, self.sheet_name, r, 3)\n            expected_result = Excel_utils.read_data_from_excel(self.excel_file_path, self.sheet_name, r, 4)\n    \n            print(f\"Username is: {username}\")\n            print(f\"Password is: {password}\")\n            print(f\"Expected Result is: {expected_result}\")\n    \n            # Enter Username\n            #time.sleep(3)\n            username_field = driver.find_element(By.ID, \"username\")\n            username_field.send_keys(username)\n    \n            # Enter Password\n            password_field = driver.find_element(By.NAME, \"password\")\n            password_field.send_keys(password)\n    \n            # Click on Create User Button\n    \n            login_button = driver.find_element(By.ID, \"loginButton\")\n            driver.execute_script(\"arguments[0].scrollIntoView();\", login_button)\n            login_button.click()\n            # Verify the User login Successfully\n            wait = WebDriverWait(driver, 3)\n            try:\n                wait.until(\n                    expected_conditions.presence_of_element_located((By.XPATH, \"//h2[normalize-space()='Dashboard']\"))\n                    )\n                driver.find_element(By.XPATH, \"//h2[normalize-space()='Dashboard']\")\n                print(\"User login Successfully\")\n                # driver.save_screenshot(\"User login Successfully.png\")\n                actual_result = \"Pass\"\n                Excel_utils.write_data_to_excel(self.excel_file_path, self.sheet_name, r, 5, actual_result)\n                #time.sleep(3)\n                logout_button = driver.find_element(By.XPATH, \"//a[normalize-space()='Logout']\")\n                driver.execute_script(\"arguments[0].scrollIntoView();\", logout_button)\n                logout_button.click()\n            except:\n                print(\"User login Failed\")\n                # driver.save_screenshot(\"User login Failed.png\")\n                actual_result = \"Fail\"\n                Excel_utils.write_data_to_excel(self.excel_file_path, self.sheet_name, r, 5, actual_result)\n    \n            if actual_result == expected_result:\n                test_case_result = \"Pass\"\n                print(f\"Test Case Result is: {test_case_result}\")\n            else:\n                test_case_result = \"Fail\"\n                print(f\"Test Case Result is: {test_case_result}\")\n    \n            Excel_utils.write_data_to_excel(self.excel_file_path, self.sheet_name, r, 6, test_case_result)\n            Result_List.append(test_case_result)\n    \n        print(f\"Result List is: {Result_List}\")\n>       assert \"Fail\" not in Result_List, \"Test Case Failed\"\nE       AssertionError: Test Case Failed\nE       assert 'Fail' not in ['Pass', 'Fail', 'Pass', 'Pass']\n\nTest_Cases\\test_file9_BankApp_Login_DDt_Excel_file.py:85: AssertionError"}, "attachments": [{"name": "stdout", "source": "03335b87-bf67-431d-a17b-86ba10acef38-attachment.txt", "type": "text/plain"}], "start": 1750108387907, "stop": 1750108428567, "uuid": "77cea14e-d1d1-4fe8-8539-ed447ca79a3b", "historyId": "009f0bf14e675cfe3ceb54c99bd29fc7", "testCaseId": "009f0bf14e675cfe3ceb54c99bd29fc7", "fullName": "Test_Cases.test_file9_BankApp_Login_DDt_Excel_file.Test_BankApp_Login_DDT#test_bankapp_login_DDT_003", "labels": [{"name": "parentSuite", "value": "Test_Cases"}, {"name": "suite", "value": "test_file9_BankApp_Login_DDt_Excel_file"}, {"name": "subSuite", "value": "Test_BankApp_Login_DDT"}, {"name": "host", "value": "Electricion"}, {"name": "thread", "value": "8860-MainThread"}, {"name": "framework", "value": "pytest"}, {"name": "language", "value": "cpython3"}, {"name": "package", "value": "Test_Cases.test_file9_BankApp_Login_DDt_Excel_file"}]}