<!DOCTYPE html>
<html>
  <head>
    <meta charset="utf-8"/>
    <title id="head-title">report.html</title>
      <link href="assets\style.css" rel="stylesheet" type="text/css"/>
  </head>
  <body>
    <h1 id="title">report.html</h1>
    <p>Report generated on 15-Jun-2025 at 13:04:55 by <a href="https://pypi.python.org/pypi/pytest-html">pytest-html</a>
        v4.1.1</p>
    <div id="environment-header">
      <h2>Environment</h2>
    </div>
    <table id="environment"></table>
    <!-- TEMPLATES -->
      <template id="template_environment_row">
      <tr>
        <td></td>
        <td></td>
      </tr>
    </template>
    <template id="template_results-table__body--empty">
      <tbody class="results-table-row">
        <tr id="not-found-message">
          <td colspan="4">No results found. Check the filters.</th>
        </tr>
    </template>
    <template id="template_results-table__tbody">
      <tbody class="results-table-row">
        <tr class="collapsible">
        </tr>
        <tr class="extras-row">
          <td class="extra" colspan="4">
            <div class="extraHTML"></div>
            <div class="media">
              <div class="media-container">
                  <div class="media-container__nav--left"><</div>
                  <div class="media-container__viewport">
                    <img src="" />
                    <video controls>
                      <source src="" type="video/mp4">
                    </video>
                  </div>
                  <div class="media-container__nav--right">></div>
                </div>
                <div class="media__name"></div>
                <div class="media__counter"></div>
            </div>
            <div class="logwrapper">
              <div class="logexpander"></div>
              <div class="log"></div>
            </div>
          </td>
        </tr>
      </tbody>
    </template>
    <!-- END TEMPLATES -->
    <div class="summary">
      <div class="summary__data">
        <h2>Summary</h2>
        <div class="additional-summary prefix">
        </div>
        <p class="run-count">28 tests took 00:08:48.</p>
        <p class="filter">(Un)check the boxes to filter the results.</p>
        <div class="summary__reload">
          <div class="summary__reload__button hidden" onclick="location.reload()">
            <div>There are still tests running. <br />Reload this page to get the latest results!</div>
          </div>
        </div>
        <div class="summary__spacer"></div>
        <div class="controls">
          <div class="filters">
            <input checked="true" class="filter" name="filter_checkbox" type="checkbox" data-test-result="failed" />
            <span class="failed">7 Failed,</span>
            <input checked="true" class="filter" name="filter_checkbox" type="checkbox" data-test-result="passed" />
            <span class="passed">19 Passed,</span>
            <input checked="true" class="filter" name="filter_checkbox" type="checkbox" data-test-result="skipped" />
            <span class="skipped">1 Skipped,</span>
            <input checked="true" class="filter" name="filter_checkbox" type="checkbox" data-test-result="xfailed" />
            <span class="xfailed">1 Expected failures,</span>
            <input checked="true" class="filter" name="filter_checkbox" type="checkbox" data-test-result="xpassed" />
            <span class="xpassed">1 Unexpected passes,</span>
            <input checked="true" class="filter" name="filter_checkbox" type="checkbox" data-test-result="error" disabled/>
            <span class="error">0 Errors,</span>
            <input checked="true" class="filter" name="filter_checkbox" type="checkbox" data-test-result="rerun" />
            <span class="rerun">20 Reruns</span>
          </div>
          <div class="collapse">
            <button id="show_all_details">Show all details</button>&nbsp;/&nbsp;<button id="hide_all_details">Hide all details</button>
          </div>
        </div>
      </div>
      <div class="additional-summary summary">
      </div>
      <div class="additional-summary postfix">
      </div>
    </div>
    <table id="results-table">
      <thead id="results-table-head">
        <tr>
          <th class="sortable" data-column-type="result">Result</th>
          <th class="sortable" data-column-type="testId">Test</th>
          <th class="sortable" data-column-type="duration">Duration</th>
          <th>Links</th>
        </tr>
      </thead>
    </table>
  </body>
  <footer>
    <div id="data-container" data-jsonblob="{&#34;environment&#34;: {&#34;Python&#34;: &#34;3.13.3&#34;, &#34;Packages&#34;: {&#34;pytest&#34;: &#34;8.4.0&#34;, &#34;pluggy&#34;: &#34;1.6.0&#34;}, &#34;Plugins&#34;: {&#34;allure-pytest&#34;: &#34;2.14.3&#34;, &#34;Faker&#34;: &#34;37.4.0&#34;, &#34;cov&#34;: &#34;6.2.1&#34;, &#34;html&#34;: &#34;4.1.1&#34;, &#34;metadata&#34;: &#34;3.1.1&#34;, &#34;rerunfailures&#34;: &#34;15.1&#34;, &#34;sugar&#34;: &#34;1.0.0&#34;, &#34;xdist&#34;: &#34;3.7.0&#34;}, &#34;Project Name&#34;: &#34;CredKart&#34;, &#34;Module Name&#34;: &#34;Login&#34;, &#34;Tester Name&#34;: &#34;Credence&#34;, &#34;URL&#34;: &#34;https://apps.credence.in/&#34;}, &#34;tests&#34;: {&#34;Test_Cases/file3_test.py::Test003::test_sum_008&#34;: [{&#34;extras&#34;: [], &#34;result&#34;: &#34;Passed&#34;, &#34;testId&#34;: &#34;Test_Cases/file3_test.py::Test003::test_sum_008&#34;, &#34;duration&#34;: &#34;254 ms&#34;, &#34;resultsTableRow&#34;: [&#34;&lt;td class=\&#34;col-result\&#34;&gt;Passed&lt;/td&gt;&#34;, &#34;&lt;td class=\&#34;col-testId\&#34;&gt;Test_Cases/file3_test.py::Test003::test_sum_008&lt;/td&gt;&#34;, &#34;&lt;td class=\&#34;col-duration\&#34;&gt;254 ms&lt;/td&gt;&#34;, &#34;&lt;td class=\&#34;col-links\&#34;&gt;&lt;/td&gt;&#34;], &#34;log&#34;: &#34;[gw1] win32 -- Python 3.13.3 C:\\Users\\SMAK\\AppData\\Local\\Programs\\Python\\Python313\\python.exe\n&#34;}], &#34;Test_Cases/file3_test.py::Test003::test_mul_09&#34;: [{&#34;extras&#34;: [], &#34;result&#34;: &#34;Passed&#34;, &#34;testId&#34;: &#34;Test_Cases/file3_test.py::Test003::test_mul_09&#34;, &#34;duration&#34;: &#34;1 ms&#34;, &#34;resultsTableRow&#34;: [&#34;&lt;td class=\&#34;col-result\&#34;&gt;Passed&lt;/td&gt;&#34;, &#34;&lt;td class=\&#34;col-testId\&#34;&gt;Test_Cases/file3_test.py::Test003::test_mul_09&lt;/td&gt;&#34;, &#34;&lt;td class=\&#34;col-duration\&#34;&gt;1 ms&lt;/td&gt;&#34;, &#34;&lt;td class=\&#34;col-links\&#34;&gt;&lt;/td&gt;&#34;], &#34;log&#34;: &#34;[gw1] win32 -- Python 3.13.3 C:\\Users\\SMAK\\AppData\\Local\\Programs\\Python\\Python313\\python.exe\n&#34;}], &#34;Test_Cases/test_file1.py::Test001::test_sum_001&#34;: [{&#34;extras&#34;: [], &#34;result&#34;: &#34;Passed&#34;, &#34;testId&#34;: &#34;Test_Cases/test_file1.py::Test001::test_sum_001&#34;, &#34;duration&#34;: &#34;1 ms&#34;, &#34;resultsTableRow&#34;: [&#34;&lt;td class=\&#34;col-result\&#34;&gt;Passed&lt;/td&gt;&#34;, &#34;&lt;td class=\&#34;col-testId\&#34;&gt;Test_Cases/test_file1.py::Test001::test_sum_001&lt;/td&gt;&#34;, &#34;&lt;td class=\&#34;col-duration\&#34;&gt;1 ms&lt;/td&gt;&#34;, &#34;&lt;td class=\&#34;col-links\&#34;&gt;&lt;/td&gt;&#34;], &#34;log&#34;: &#34;[gw1] win32 -- Python 3.13.3 C:\\Users\\SMAK\\AppData\\Local\\Programs\\Python\\Python313\\python.exe\n&#34;}], &#34;Test_Cases/test_file1.py::Test001::test_sum_002&#34;: [{&#34;extras&#34;: [], &#34;result&#34;: &#34;Passed&#34;, &#34;testId&#34;: &#34;Test_Cases/test_file1.py::Test001::test_sum_002&#34;, &#34;duration&#34;: &#34;1 ms&#34;, &#34;resultsTableRow&#34;: [&#34;&lt;td class=\&#34;col-result\&#34;&gt;Passed&lt;/td&gt;&#34;, &#34;&lt;td class=\&#34;col-testId\&#34;&gt;Test_Cases/test_file1.py::Test001::test_sum_002&lt;/td&gt;&#34;, &#34;&lt;td class=\&#34;col-duration\&#34;&gt;1 ms&lt;/td&gt;&#34;, &#34;&lt;td class=\&#34;col-links\&#34;&gt;&lt;/td&gt;&#34;], &#34;log&#34;: &#34;[gw1] win32 -- Python 3.13.3 C:\\Users\\SMAK\\AppData\\Local\\Programs\\Python\\Python313\\python.exe\n&#34;}], &#34;Test_Cases/test_file1.py::Test001::test_mul_03&#34;: [{&#34;extras&#34;: [], &#34;result&#34;: &#34;Passed&#34;, &#34;testId&#34;: &#34;Test_Cases/test_file1.py::Test001::test_mul_03&#34;, &#34;duration&#34;: &#34;1 ms&#34;, &#34;resultsTableRow&#34;: [&#34;&lt;td class=\&#34;col-result\&#34;&gt;Passed&lt;/td&gt;&#34;, &#34;&lt;td class=\&#34;col-testId\&#34;&gt;Test_Cases/test_file1.py::Test001::test_mul_03&lt;/td&gt;&#34;, &#34;&lt;td class=\&#34;col-duration\&#34;&gt;1 ms&lt;/td&gt;&#34;, &#34;&lt;td class=\&#34;col-links\&#34;&gt;&lt;/td&gt;&#34;], &#34;log&#34;: &#34;[gw1] win32 -- Python 3.13.3 C:\\Users\\SMAK\\AppData\\Local\\Programs\\Python\\Python313\\python.exe\n&#34;}], &#34;Test_Cases/test_file2.py::Test002::test_sum_004&#34;: [{&#34;extras&#34;: [], &#34;result&#34;: &#34;Passed&#34;, &#34;testId&#34;: &#34;Test_Cases/test_file2.py::Test002::test_sum_004&#34;, &#34;duration&#34;: &#34;1 ms&#34;, &#34;resultsTableRow&#34;: [&#34;&lt;td class=\&#34;col-result\&#34;&gt;Passed&lt;/td&gt;&#34;, &#34;&lt;td class=\&#34;col-testId\&#34;&gt;Test_Cases/test_file2.py::Test002::test_sum_004&lt;/td&gt;&#34;, &#34;&lt;td class=\&#34;col-duration\&#34;&gt;1 ms&lt;/td&gt;&#34;, &#34;&lt;td class=\&#34;col-links\&#34;&gt;&lt;/td&gt;&#34;], &#34;log&#34;: &#34;[gw1] win32 -- Python 3.13.3 C:\\Users\\SMAK\\AppData\\Local\\Programs\\Python\\Python313\\python.exe\n&#34;}], &#34;Test_Cases/test_file2.py::Test002::test_sum_005&#34;: [{&#34;extras&#34;: [], &#34;result&#34;: &#34;Passed&#34;, &#34;testId&#34;: &#34;Test_Cases/test_file2.py::Test002::test_sum_005&#34;, &#34;duration&#34;: &#34;1 ms&#34;, &#34;resultsTableRow&#34;: [&#34;&lt;td class=\&#34;col-result\&#34;&gt;Passed&lt;/td&gt;&#34;, &#34;&lt;td class=\&#34;col-testId\&#34;&gt;Test_Cases/test_file2.py::Test002::test_sum_005&lt;/td&gt;&#34;, &#34;&lt;td class=\&#34;col-duration\&#34;&gt;1 ms&lt;/td&gt;&#34;, &#34;&lt;td class=\&#34;col-links\&#34;&gt;&lt;/td&gt;&#34;], &#34;log&#34;: &#34;[gw1] win32 -- Python 3.13.3 C:\\Users\\SMAK\\AppData\\Local\\Programs\\Python\\Python313\\python.exe\n&#34;}], &#34;Test_Cases/test_file2.py::Test002::test_mul_06&#34;: [{&#34;extras&#34;: [], &#34;result&#34;: &#34;Passed&#34;, &#34;testId&#34;: &#34;Test_Cases/test_file2.py::Test002::test_mul_06&#34;, &#34;duration&#34;: &#34;1 ms&#34;, &#34;resultsTableRow&#34;: [&#34;&lt;td class=\&#34;col-result\&#34;&gt;Passed&lt;/td&gt;&#34;, &#34;&lt;td class=\&#34;col-testId\&#34;&gt;Test_Cases/test_file2.py::Test002::test_mul_06&lt;/td&gt;&#34;, &#34;&lt;td class=\&#34;col-duration\&#34;&gt;1 ms&lt;/td&gt;&#34;, &#34;&lt;td class=\&#34;col-links\&#34;&gt;&lt;/td&gt;&#34;], &#34;log&#34;: &#34;[gw1] win32 -- Python 3.13.3 C:\\Users\\SMAK\\AppData\\Local\\Programs\\Python\\Python313\\python.exe\n&#34;}], &#34;Test_Cases/test_BankApp_Login_Params.py::Test_BankApp_Login_Params::test_bankapp_login_params_002[bankapp_login_data0]&#34;: [{&#34;extras&#34;: [], &#34;result&#34;: &#34;Passed&#34;, &#34;testId&#34;: &#34;Test_Cases/test_BankApp_Login_Params.py::Test_BankApp_Login_Params::test_bankapp_login_params_002[bankapp_login_data0]&#34;, &#34;duration&#34;: &#34;00:00:18&#34;, &#34;resultsTableRow&#34;: [&#34;&lt;td class=\&#34;col-result\&#34;&gt;Passed&lt;/td&gt;&#34;, &#34;&lt;td class=\&#34;col-testId\&#34;&gt;Test_Cases/test_BankApp_Login_Params.py::Test_BankApp_Login_Params::test_bankapp_login_params_002[bankapp_login_data0]&lt;/td&gt;&#34;, &#34;&lt;td class=\&#34;col-duration\&#34;&gt;00:00:18&lt;/td&gt;&#34;, &#34;&lt;td class=\&#34;col-links\&#34;&gt;&lt;/td&gt;&#34;], &#34;log&#34;: &#34;[gw2] win32 -- Python 3.13.3 C:\\Users\\SMAK\\AppData\\Local\\Programs\\Python\\Python313\\python.exe\n&#34;}], &#34;Test_Cases/test_BankApp_Login_Params.py::Test_BankApp_Login_Params::test_bankapp_login_params_002[bankapp_login_data2]&#34;: [{&#34;extras&#34;: [], &#34;result&#34;: &#34;Passed&#34;, &#34;testId&#34;: &#34;Test_Cases/test_BankApp_Login_Params.py::Test_BankApp_Login_Params::test_bankapp_login_params_002[bankapp_login_data2]&#34;, &#34;duration&#34;: &#34;00:00:27&#34;, &#34;resultsTableRow&#34;: [&#34;&lt;td class=\&#34;col-result\&#34;&gt;Passed&lt;/td&gt;&#34;, &#34;&lt;td class=\&#34;col-testId\&#34;&gt;Test_Cases/test_BankApp_Login_Params.py::Test_BankApp_Login_Params::test_bankapp_login_params_002[bankapp_login_data2]&lt;/td&gt;&#34;, &#34;&lt;td class=\&#34;col-duration\&#34;&gt;00:00:27&lt;/td&gt;&#34;, &#34;&lt;td class=\&#34;col-links\&#34;&gt;&lt;/td&gt;&#34;], &#34;log&#34;: &#34;[gw3] win32 -- Python 3.13.3 C:\\Users\\SMAK\\AppData\\Local\\Programs\\Python\\Python313\\python.exe\n&#34;}], &#34;Test_Cases/test_file4.py::Test004::test_CredKart_Registration_001&#34;: [{&#34;extras&#34;: [], &#34;result&#34;: &#34;Passed&#34;, &#34;testId&#34;: &#34;Test_Cases/test_file4.py::Test004::test_CredKart_Registration_001&#34;, &#34;duration&#34;: &#34;00:00:28&#34;, &#34;resultsTableRow&#34;: [&#34;&lt;td class=\&#34;col-result\&#34;&gt;Passed&lt;/td&gt;&#34;, &#34;&lt;td class=\&#34;col-testId\&#34;&gt;Test_Cases/test_file4.py::Test004::test_CredKart_Registration_001&lt;/td&gt;&#34;, &#34;&lt;td class=\&#34;col-duration\&#34;&gt;00:00:28&lt;/td&gt;&#34;, &#34;&lt;td class=\&#34;col-links\&#34;&gt;&lt;/td&gt;&#34;], &#34;log&#34;: &#34;[gw1] win32 -- Python 3.13.3 C:\\Users\\SMAK\\AppData\\Local\\Programs\\Python\\Python313\\python.exe\n&#34;}], &#34;Test_Cases/test_file4.py::Test004::test_CredKart_Login_002&#34;: [{&#34;extras&#34;: [], &#34;result&#34;: &#34;Passed&#34;, &#34;testId&#34;: &#34;Test_Cases/test_file4.py::Test004::test_CredKart_Login_002&#34;, &#34;duration&#34;: &#34;00:00:12&#34;, &#34;resultsTableRow&#34;: [&#34;&lt;td class=\&#34;col-result\&#34;&gt;Passed&lt;/td&gt;&#34;, &#34;&lt;td class=\&#34;col-testId\&#34;&gt;Test_Cases/test_file4.py::Test004::test_CredKart_Login_002&lt;/td&gt;&#34;, &#34;&lt;td class=\&#34;col-duration\&#34;&gt;00:00:12&lt;/td&gt;&#34;, &#34;&lt;td class=\&#34;col-links\&#34;&gt;&lt;/td&gt;&#34;], &#34;log&#34;: &#34;[gw1] win32 -- Python 3.13.3 C:\\Users\\SMAK\\AppData\\Local\\Programs\\Python\\Python313\\python.exe\n&#34;}], &#34;Test_Cases/test_file7.py::Test005::test_CredKart_Title_007&#34;: [{&#34;extras&#34;: [], &#34;result&#34;: &#34;Failed&#34;, &#34;testId&#34;: &#34;Test_Cases/test_file7.py::Test005::test_CredKart_Title_007&#34;, &#34;duration&#34;: &#34;00:00:07&#34;, &#34;resultsTableRow&#34;: [&#34;&lt;td class=\&#34;col-result\&#34;&gt;Failed&lt;/td&gt;&#34;, &#34;&lt;td class=\&#34;col-testId\&#34;&gt;Test_Cases/test_file7.py::Test005::test_CredKart_Title_007&lt;/td&gt;&#34;, &#34;&lt;td class=\&#34;col-duration\&#34;&gt;00:00:07&lt;/td&gt;&#34;, &#34;&lt;td class=\&#34;col-links\&#34;&gt;&lt;/td&gt;&#34;], &#34;log&#34;: &#34;[gw1] win32 -- Python 3.13.3 C:\\Users\\SMAK\\AppData\\Local\\Programs\\Python\\Python313\\python.exe\n\nself = &amp;lt;test_file7.Test005 object at 0x0000025F3AEF4550&amp;gt;\ndriver_setup = &amp;lt;selenium.webdriver.chrome.webdriver.WebDriver (session=&amp;quot;d560d2adbf7142b535841be327cddafa&amp;quot;)&amp;gt;\n\n&amp;gt;   ???\nE   AssertionError: Title not matched\nE   assert &amp;#x27;CredKart&amp;#x27; == &amp;#x27;CredKart1&amp;#x27;\nE     \nE     - CredKart1\nE     ?         -\nE     + CredKart\n\nC:\\Users\\SMAK\\PycharmProjects\\03.Pytest Framework\\TestCases\\test_file7.py:20: AssertionError\n&#34;}], &#34;Test_Cases/test_file7.py::Test005::test_sum_001&#34;: [{&#34;extras&#34;: [], &#34;result&#34;: &#34;Skipped&#34;, &#34;testId&#34;: &#34;Test_Cases/test_file7.py::Test005::test_sum_001::setup&#34;, &#34;duration&#34;: &#34;0 ms&#34;, &#34;resultsTableRow&#34;: [&#34;&lt;td class=\&#34;col-result\&#34;&gt;Skipped&lt;/td&gt;&#34;, &#34;&lt;td class=\&#34;col-testId\&#34;&gt;Test_Cases/test_file7.py::Test005::test_sum_001::setup&lt;/td&gt;&#34;, &#34;&lt;td class=\&#34;col-duration\&#34;&gt;0 ms&lt;/td&gt;&#34;, &#34;&lt;td class=\&#34;col-links\&#34;&gt;&lt;/td&gt;&#34;], &#34;log&#34;: &#34;[gw1] win32 -- Python 3.13.3 C:\\Users\\SMAK\\AppData\\Local\\Programs\\Python\\Python313\\python.exe\n(&amp;#x27;C:\\\\Users\\\\SMAK\\\\PycharmProjects\\\\03.Pytest Framework\\\\TestCases\\\\test_file7.py&amp;#x27;, 23, &amp;#x27;Skipped: unconditional skip&amp;#x27;)\n&#34;}], &#34;Test_Cases/test_file7.py::Test005::test_sum_0010&#34;: [{&#34;extras&#34;: [], &#34;result&#34;: &#34;XFailed&#34;, &#34;testId&#34;: &#34;Test_Cases/test_file7.py::Test005::test_sum_0010&#34;, &#34;duration&#34;: &#34;1 ms&#34;, &#34;resultsTableRow&#34;: [&#34;&lt;td class=\&#34;col-result\&#34;&gt;XFailed&lt;/td&gt;&#34;, &#34;&lt;td class=\&#34;col-testId\&#34;&gt;Test_Cases/test_file7.py::Test005::test_sum_0010&lt;/td&gt;&#34;, &#34;&lt;td class=\&#34;col-duration\&#34;&gt;1 ms&lt;/td&gt;&#34;, &#34;&lt;td class=\&#34;col-links\&#34;&gt;&lt;/td&gt;&#34;], &#34;log&#34;: &#34;[gw1] win32 -- Python 3.13.3 C:\\Users\\SMAK\\AppData\\Local\\Programs\\Python\\Python313\\python.exe\n\nself = &amp;lt;test_file7.Test005 object at 0x0000025F3AED0C30&amp;gt;\n\n&amp;gt;   ???\nE   assert 22 == 21\n\nC:\\Users\\SMAK\\PycharmProjects\\03.Pytest Framework\\TestCases\\test_file7.py:45: AssertionError\n&#34;}], &#34;Test_Cases/test_file7.py::Test005::test_mul_011&#34;: [{&#34;extras&#34;: [], &#34;result&#34;: &#34;XPassed&#34;, &#34;testId&#34;: &#34;Test_Cases/test_file7.py::Test005::test_mul_011&#34;, &#34;duration&#34;: &#34;1 ms&#34;, &#34;resultsTableRow&#34;: [&#34;&lt;td class=\&#34;col-result\&#34;&gt;XPassed&lt;/td&gt;&#34;, &#34;&lt;td class=\&#34;col-testId\&#34;&gt;Test_Cases/test_file7.py::Test005::test_mul_011&lt;/td&gt;&#34;, &#34;&lt;td class=\&#34;col-duration\&#34;&gt;1 ms&lt;/td&gt;&#34;, &#34;&lt;td class=\&#34;col-links\&#34;&gt;&lt;/td&gt;&#34;], &#34;log&#34;: &#34;[gw1] win32 -- Python 3.13.3 C:\\Users\\SMAK\\AppData\\Local\\Programs\\Python\\Python313\\python.exe\n&#34;}], &#34;Test_Cases/Test_file_practice_SignUp_DDT_Excel_File.py::Test_BankApp_SignUp_DDT::test_bankapp_SignUp_DDT_003&#34;: [{&#34;extras&#34;: [], &#34;result&#34;: &#34;Failed&#34;, &#34;testId&#34;: &#34;Test_Cases/Test_file_practice_SignUp_DDT_Excel_File.py::Test_BankApp_SignUp_DDT::test_bankapp_SignUp_DDT_003&#34;, &#34;duration&#34;: &#34;00:00:55&#34;, &#34;resultsTableRow&#34;: [&#34;&lt;td class=\&#34;col-result\&#34;&gt;Failed&lt;/td&gt;&#34;, &#34;&lt;td class=\&#34;col-testId\&#34;&gt;Test_Cases/Test_file_practice_SignUp_DDT_Excel_File.py::Test_BankApp_SignUp_DDT::test_bankapp_SignUp_DDT_003&lt;/td&gt;&#34;, &#34;&lt;td class=\&#34;col-duration\&#34;&gt;00:00:55&lt;/td&gt;&#34;, &#34;&lt;td class=\&#34;col-links\&#34;&gt;&lt;/td&gt;&#34;], &#34;log&#34;: &#34;[gw0] win32 -- Python 3.13.3 C:\\Users\\SMAK\\AppData\\Local\\Programs\\Python\\Python313\\python.exe\n\nself = &amp;lt;Test_file_practice_SignUp_DDT_Excel_File.Test_BankApp_SignUp_DDT object at 0x000001C948E1DF90&amp;gt;\ndriver_setup = &amp;lt;selenium.webdriver.chrome.webdriver.WebDriver (session=&amp;quot;51fd8ef97822f56e3314f5d3e355c623&amp;quot;)&amp;gt;\n\n    def test_bankapp_SignUp_DDT_003(self, driver_setup):\n        driver = driver_setup\n        driver.get(&amp;quot;https://apps.credence.in/login.html&amp;quot;)\n        driver.maximize_window()\n        print(&amp;quot;Title of the page:&amp;quot;, driver.title)\n        sign_up = WebDriverWait(driver, 10).until(\n            expected_conditions.element_to_be_clickable((By.XPATH, &amp;#x27;//*[@id=&amp;quot;signUpLink&amp;quot;]&amp;#x27;))\n        )\n        driver.execute_script(&amp;quot;arguments[0].scrollIntoView(true);&amp;quot;, sign_up)\n        sign_up.click()\n    \n        time.sleep(1)\n    \n        rows = Excel_utils.get_row_count(self.excel_file_path, self.sheet_name)\n        print(&amp;quot;Total rows are:&amp;quot;, rows)\n        Result_List = []\n        for r in range(2, rows+1):\n    \n            username = Excel_utils.read_data_from_excel(self.excel_file_path, self.sheet_name, r, 2)\n            password = Excel_utils.read_data_from_excel(self.excel_file_path, self.sheet_name, r, 3)\n            email=Excel_utils.read_data_from_excel(self.excel_file_path,self.sheet_name,r,4)\n            phone=Excel_utils.read_data_from_excel(self.excel_file_path,self.sheet_name,r,5)\n            expected_result = Excel_utils.read_data_from_excel(self.excel_file_path, self.sheet_name, r, 6)\n    \n            print(f&amp;quot;Username is: {username}&amp;quot;)\n            print(f&amp;quot;Password is: {password}&amp;quot;)\n            print(f&amp;quot;email is :{email}&amp;quot;)\n            print(f&amp;quot;phone is :{phone}&amp;quot;)\n            print(f&amp;quot;Expected Result is: {expected_result}&amp;quot;)\n    \n            # Enter Username\n            #time.sleep(3)\n            username_field = driver.find_element(By.ID, &amp;quot;username&amp;quot;)\n            username_field.send_keys(username)\n    \n            # Enter Password\n            password_field = driver.find_element(By.NAME, &amp;quot;password&amp;quot;)\n            password_field.send_keys(password)\n    \n            #Email field\n            email_field = driver.find_element(By.NAME,&amp;quot;email&amp;quot;)\n            email_field.send_keys(email)\n    \n            #Phone Field\n            phone_field = driver.find_element(By.NAME,&amp;quot;phone&amp;quot;)\n            phone_field.send_keys(phone)\n    \n            # Click on Create User Button\n    \n            create_user_button = driver.find_element(By.ID, &amp;quot;createUserButton&amp;quot;)\n            driver.execute_script(&amp;quot;arguments[0].scrollIntoView();&amp;quot;, create_user_button )\n            create_user_button .click()\n    \n    \n            # Verify the User login Successfully\n            wait = WebDriverWait(driver, 3)\n            try:\n                wait.until(\n                    expected_conditions.presence_of_element_located((By.XPATH, &amp;quot;//h2[normalize-space()=&amp;#x27;Dashboard&amp;#x27;]&amp;quot;))\n                    )\n                driver.find_element(By.XPATH, &amp;quot;//h2[normalize-space()=&amp;#x27;Dashboard&amp;#x27;]&amp;quot;)\n                print(&amp;quot;User login Successfully&amp;quot;)\n                # driver.save_screenshot(&amp;quot;User login Successfully.png&amp;quot;)\n                actual_result = &amp;quot;Pass&amp;quot;\n                Excel_utils.write_data_to_excel(self.excel_file_path, self.sheet_name, r, 7, actual_result)\n                #time.sleep(3)\n    \n    \n                logout_button = driver.find_element(By.XPATH, &amp;quot;//a[normalize-space()=&amp;#x27;Logout&amp;#x27;]&amp;quot;)\n                driver.execute_script(&amp;quot;arguments[0].scrollIntoView();&amp;quot;, logout_button)\n                logout_button.click()\n            except:\n                print(&amp;quot;User login Failed&amp;quot;)\n                # driver.save_screenshot(&amp;quot;User login Failed.png&amp;quot;)\n                actual_result = &amp;quot;Fail&amp;quot;\n                Excel_utils.write_data_to_excel(self.excel_file_path, self.sheet_name, r, 7, actual_result)\n    \n            if actual_result == expected_result:\n                test_case_result = &amp;quot;Pass&amp;quot;\n                print(f&amp;quot;Test Case Result is: {test_case_result}&amp;quot;)\n            else:\n                test_case_result = &amp;quot;Fail&amp;quot;\n                print(f&amp;quot;Test Case Result is: {test_case_result}&amp;quot;)\n    \n            Excel_utils.write_data_to_excel(self.excel_file_path, self.sheet_name, r, 8, test_case_result)\n            Result_List.append(test_case_result)\n    \n        print(f&amp;quot;Result List is: {Result_List}&amp;quot;)\n&amp;gt;       assert &amp;quot;Fail&amp;quot; not in Result_List, &amp;quot;Test Case Failed&amp;quot;\nE       AssertionError: Test Case Failed\nE       assert &amp;#x27;Fail&amp;#x27; not in [&amp;#x27;Fail&amp;#x27;, &amp;#x27;Pass&amp;#x27;, &amp;#x27;Fail&amp;#x27;, &amp;#x27;Pass&amp;#x27;, &amp;#x27;Fail&amp;#x27;, &amp;#x27;Pass&amp;#x27;]\n\nTest_Cases\\Test_file_practice_SignUp_DDT_Excel_File.py:105: AssertionError\n&#34;}], &#34;Test_Cases/file3_test.py::Test003::test_sum_007&#34;: [{&#34;extras&#34;: [], &#34;result&#34;: &#34;Passed&#34;, &#34;testId&#34;: &#34;Test_Cases/file3_test.py::Test003::test_sum_007&#34;, &#34;duration&#34;: &#34;1 ms&#34;, &#34;resultsTableRow&#34;: [&#34;&lt;td class=\&#34;col-result\&#34;&gt;Passed&lt;/td&gt;&#34;, &#34;&lt;td class=\&#34;col-testId\&#34;&gt;Test_Cases/file3_test.py::Test003::test_sum_007&lt;/td&gt;&#34;, &#34;&lt;td class=\&#34;col-duration\&#34;&gt;1 ms&lt;/td&gt;&#34;, &#34;&lt;td class=\&#34;col-links\&#34;&gt;&lt;/td&gt;&#34;], &#34;log&#34;: &#34;[gw0] win32 -- Python 3.13.3 C:\\Users\\SMAK\\AppData\\Local\\Programs\\Python\\Python313\\python.exe\n&#34;}], &#34;Test_Cases/test_file7.py::Test005::test_CredKart_Login_0010&#34;: [{&#34;extras&#34;: [], &#34;result&#34;: &#34;Passed&#34;, &#34;testId&#34;: &#34;Test_Cases/test_file7.py::Test005::test_CredKart_Login_0010&#34;, &#34;duration&#34;: &#34;00:00:10&#34;, &#34;resultsTableRow&#34;: [&#34;&lt;td class=\&#34;col-result\&#34;&gt;Passed&lt;/td&gt;&#34;, &#34;&lt;td class=\&#34;col-testId\&#34;&gt;Test_Cases/test_file7.py::Test005::test_CredKart_Login_0010&lt;/td&gt;&#34;, &#34;&lt;td class=\&#34;col-duration\&#34;&gt;00:00:10&lt;/td&gt;&#34;, &#34;&lt;td class=\&#34;col-links\&#34;&gt;&lt;/td&gt;&#34;], &#34;log&#34;: &#34;[gw1] win32 -- Python 3.13.3 C:\\Users\\SMAK\\AppData\\Local\\Programs\\Python\\Python313\\python.exe\n&#34;}], &#34;Test_Cases/test_file8_BnakApp_Login_paramas.py::Test_BankApp_Login_Params::test_bankapp_login_params_002[bankapp_login_data0]&#34;: [{&#34;extras&#34;: [], &#34;result&#34;: &#34;Passed&#34;, &#34;testId&#34;: &#34;Test_Cases/test_file8_BnakApp_Login_paramas.py::Test_BankApp_Login_Params::test_bankapp_login_params_002[bankapp_login_data0]&#34;, &#34;duration&#34;: &#34;00:00:12&#34;, &#34;resultsTableRow&#34;: [&#34;&lt;td class=\&#34;col-result\&#34;&gt;Passed&lt;/td&gt;&#34;, &#34;&lt;td class=\&#34;col-testId\&#34;&gt;Test_Cases/test_file8_BnakApp_Login_paramas.py::Test_BankApp_Login_Params::test_bankapp_login_params_002[bankapp_login_data0]&lt;/td&gt;&#34;, &#34;&lt;td class=\&#34;col-duration\&#34;&gt;00:00:12&lt;/td&gt;&#34;, &#34;&lt;td class=\&#34;col-links\&#34;&gt;&lt;/td&gt;&#34;], &#34;log&#34;: &#34;[gw0] win32 -- Python 3.13.3 C:\\Users\\SMAK\\AppData\\Local\\Programs\\Python\\Python313\\python.exe\n&#34;}], &#34;Test_Cases/test_file7.py::Test005::test_bankapp_login_001&#34;: [{&#34;extras&#34;: [], &#34;result&#34;: &#34;Passed&#34;, &#34;testId&#34;: &#34;Test_Cases/test_file7.py::Test005::test_bankapp_login_001&#34;, &#34;duration&#34;: &#34;00:00:12&#34;, &#34;resultsTableRow&#34;: [&#34;&lt;td class=\&#34;col-result\&#34;&gt;Passed&lt;/td&gt;&#34;, &#34;&lt;td class=\&#34;col-testId\&#34;&gt;Test_Cases/test_file7.py::Test005::test_bankapp_login_001&lt;/td&gt;&#34;, &#34;&lt;td class=\&#34;col-duration\&#34;&gt;00:00:12&lt;/td&gt;&#34;, &#34;&lt;td class=\&#34;col-links\&#34;&gt;&lt;/td&gt;&#34;], &#34;log&#34;: &#34;[gw1] win32 -- Python 3.13.3 C:\\Users\\SMAK\\AppData\\Local\\Programs\\Python\\Python313\\python.exe\n&#34;}], &#34;Test_Cases/test_file8_BnakApp_Login_paramas.py::Test_BankApp_Login_Params::test_bankapp_login_params_002[bankapp_login_data2]&#34;: [{&#34;extras&#34;: [], &#34;result&#34;: &#34;Passed&#34;, &#34;testId&#34;: &#34;Test_Cases/test_file8_BnakApp_Login_paramas.py::Test_BankApp_Login_Params::test_bankapp_login_params_002[bankapp_login_data2]&#34;, &#34;duration&#34;: &#34;00:00:22&#34;, &#34;resultsTableRow&#34;: [&#34;&lt;td class=\&#34;col-result\&#34;&gt;Passed&lt;/td&gt;&#34;, &#34;&lt;td class=\&#34;col-testId\&#34;&gt;Test_Cases/test_file8_BnakApp_Login_paramas.py::Test_BankApp_Login_Params::test_bankapp_login_params_002[bankapp_login_data2]&lt;/td&gt;&#34;, &#34;&lt;td class=\&#34;col-duration\&#34;&gt;00:00:22&lt;/td&gt;&#34;, &#34;&lt;td class=\&#34;col-links\&#34;&gt;&lt;/td&gt;&#34;], &#34;log&#34;: &#34;[gw1] win32 -- Python 3.13.3 C:\\Users\\SMAK\\AppData\\Local\\Programs\\Python\\Python313\\python.exe\n&#34;}], &#34;Test_Cases/test_BankApp_Login_Params.py::Test_BankApp_Login_Params::test_bankapp_login_params_002[bankapp_login_data1]&#34;: [{&#34;extras&#34;: [], &#34;result&#34;: &#34;Rerun&#34;, &#34;testId&#34;: &#34;Test_Cases/test_BankApp_Login_Params.py::Test_BankApp_Login_Params::test_bankapp_login_params_002[bankapp_login_data1]&#34;, &#34;duration&#34;: &#34;00:00:12&#34;, &#34;resultsTableRow&#34;: [&#34;&lt;td class=\&#34;col-result\&#34;&gt;Rerun&lt;/td&gt;&#34;, &#34;&lt;td class=\&#34;col-testId\&#34;&gt;Test_Cases/test_BankApp_Login_Params.py::Test_BankApp_Login_Params::test_bankapp_login_params_002[bankapp_login_data1]&lt;/td&gt;&#34;, &#34;&lt;td class=\&#34;col-duration\&#34;&gt;00:00:12&lt;/td&gt;&#34;, &#34;&lt;td class=\&#34;col-links\&#34;&gt;&lt;/td&gt;&#34;], &#34;log&#34;: &#34;[gw2] win32 -- Python 3.13.3 C:\\Users\\SMAK\\AppData\\Local\\Programs\\Python\\Python313\\python.exe\n\nself = &amp;lt;test_BankApp_Login_Params.Test_BankApp_Login_Params object at 0x000001EF445AF4D0&amp;gt;\ndriver_setup = &amp;lt;selenium.webdriver.chrome.webdriver.WebDriver (session=&amp;quot;573f5b3e5dcb36906682b81bb64f67da&amp;quot;)&amp;gt;\nbankapp_login_data = (&amp;#x27;credence123111a&amp;#x27;, &amp;#x27;Credence@123987211&amp;#x27;, &amp;#x27;Fail&amp;#x27;)\n\n&amp;gt;   ???\nE   AssertionError: assert &amp;#x27;Pass&amp;#x27; == &amp;#x27;Fail&amp;#x27;\nE     \nE     - Fail\nE     + Pass\n\nC:\\Users\\SMAK\\PycharmProjects\\03.Pytest Framework\\TestCases\\test_BankApp_Login_Params.py:51: AssertionError\n&#34;}, {&#34;extras&#34;: [], &#34;result&#34;: &#34;Rerun&#34;, &#34;testId&#34;: &#34;Test_Cases/test_BankApp_Login_Params.py::Test_BankApp_Login_Params::test_bankapp_login_params_002[bankapp_login_data1]&#34;, &#34;duration&#34;: &#34;00:00:12&#34;, &#34;resultsTableRow&#34;: [&#34;&lt;td class=\&#34;col-result\&#34;&gt;Rerun&lt;/td&gt;&#34;, &#34;&lt;td class=\&#34;col-testId\&#34;&gt;Test_Cases/test_BankApp_Login_Params.py::Test_BankApp_Login_Params::test_bankapp_login_params_002[bankapp_login_data1]&lt;/td&gt;&#34;, &#34;&lt;td class=\&#34;col-duration\&#34;&gt;00:00:12&lt;/td&gt;&#34;, &#34;&lt;td class=\&#34;col-links\&#34;&gt;&lt;/td&gt;&#34;], &#34;log&#34;: &#34;[gw2] win32 -- Python 3.13.3 C:\\Users\\SMAK\\AppData\\Local\\Programs\\Python\\Python313\\python.exe\n\nself = &amp;lt;test_BankApp_Login_Params.Test_BankApp_Login_Params object at 0x000001EF445AF4D0&amp;gt;\ndriver_setup = &amp;lt;selenium.webdriver.chrome.webdriver.WebDriver (session=&amp;quot;0dd7d0d5f572b538861b7596015cfa01&amp;quot;)&amp;gt;\nbankapp_login_data = (&amp;#x27;credence123111a&amp;#x27;, &amp;#x27;Credence@123987211&amp;#x27;, &amp;#x27;Fail&amp;#x27;)\n\n&amp;gt;   ???\nE   AssertionError: assert &amp;#x27;Pass&amp;#x27; == &amp;#x27;Fail&amp;#x27;\nE     \nE     - Fail\nE     + Pass\n\nC:\\Users\\SMAK\\PycharmProjects\\03.Pytest Framework\\TestCases\\test_BankApp_Login_Params.py:51: AssertionError\n&#34;}, {&#34;extras&#34;: [], &#34;result&#34;: &#34;Rerun&#34;, &#34;testId&#34;: &#34;Test_Cases/test_BankApp_Login_Params.py::Test_BankApp_Login_Params::test_bankapp_login_params_002[bankapp_login_data1]&#34;, &#34;duration&#34;: &#34;00:00:12&#34;, &#34;resultsTableRow&#34;: [&#34;&lt;td class=\&#34;col-result\&#34;&gt;Rerun&lt;/td&gt;&#34;, &#34;&lt;td class=\&#34;col-testId\&#34;&gt;Test_Cases/test_BankApp_Login_Params.py::Test_BankApp_Login_Params::test_bankapp_login_params_002[bankapp_login_data1]&lt;/td&gt;&#34;, &#34;&lt;td class=\&#34;col-duration\&#34;&gt;00:00:12&lt;/td&gt;&#34;, &#34;&lt;td class=\&#34;col-links\&#34;&gt;&lt;/td&gt;&#34;], &#34;log&#34;: &#34;[gw2] win32 -- Python 3.13.3 C:\\Users\\SMAK\\AppData\\Local\\Programs\\Python\\Python313\\python.exe\n\nself = &amp;lt;test_BankApp_Login_Params.Test_BankApp_Login_Params object at 0x000001EF445AF4D0&amp;gt;\ndriver_setup = &amp;lt;selenium.webdriver.chrome.webdriver.WebDriver (session=&amp;quot;031c4f1976562d8bdcb503a0fd600fc4&amp;quot;)&amp;gt;\nbankapp_login_data = (&amp;#x27;credence123111a&amp;#x27;, &amp;#x27;Credence@123987211&amp;#x27;, &amp;#x27;Fail&amp;#x27;)\n\n&amp;gt;   ???\nE   AssertionError: assert &amp;#x27;Pass&amp;#x27; == &amp;#x27;Fail&amp;#x27;\nE     \nE     - Fail\nE     + Pass\n\nC:\\Users\\SMAK\\PycharmProjects\\03.Pytest Framework\\TestCases\\test_BankApp_Login_Params.py:51: AssertionError\n&#34;}, {&#34;extras&#34;: [], &#34;result&#34;: &#34;Rerun&#34;, &#34;testId&#34;: &#34;Test_Cases/test_BankApp_Login_Params.py::Test_BankApp_Login_Params::test_bankapp_login_params_002[bankapp_login_data1]&#34;, &#34;duration&#34;: &#34;00:00:12&#34;, &#34;resultsTableRow&#34;: [&#34;&lt;td class=\&#34;col-result\&#34;&gt;Rerun&lt;/td&gt;&#34;, &#34;&lt;td class=\&#34;col-testId\&#34;&gt;Test_Cases/test_BankApp_Login_Params.py::Test_BankApp_Login_Params::test_bankapp_login_params_002[bankapp_login_data1]&lt;/td&gt;&#34;, &#34;&lt;td class=\&#34;col-duration\&#34;&gt;00:00:12&lt;/td&gt;&#34;, &#34;&lt;td class=\&#34;col-links\&#34;&gt;&lt;/td&gt;&#34;], &#34;log&#34;: &#34;[gw2] win32 -- Python 3.13.3 C:\\Users\\SMAK\\AppData\\Local\\Programs\\Python\\Python313\\python.exe\n\nself = &amp;lt;test_BankApp_Login_Params.Test_BankApp_Login_Params object at 0x000001EF445AF4D0&amp;gt;\ndriver_setup = &amp;lt;selenium.webdriver.chrome.webdriver.WebDriver (session=&amp;quot;5adff118f800424dbd3b21af49e76741&amp;quot;)&amp;gt;\nbankapp_login_data = (&amp;#x27;credence123111a&amp;#x27;, &amp;#x27;Credence@123987211&amp;#x27;, &amp;#x27;Fail&amp;#x27;)\n\n&amp;gt;   ???\nE   AssertionError: assert &amp;#x27;Pass&amp;#x27; == &amp;#x27;Fail&amp;#x27;\nE     \nE     - Fail\nE     + Pass\n\nC:\\Users\\SMAK\\PycharmProjects\\03.Pytest Framework\\TestCases\\test_BankApp_Login_Params.py:51: AssertionError\n&#34;}, {&#34;extras&#34;: [], &#34;result&#34;: &#34;Rerun&#34;, &#34;testId&#34;: &#34;Test_Cases/test_BankApp_Login_Params.py::Test_BankApp_Login_Params::test_bankapp_login_params_002[bankapp_login_data1]&#34;, &#34;duration&#34;: &#34;00:00:12&#34;, &#34;resultsTableRow&#34;: [&#34;&lt;td class=\&#34;col-result\&#34;&gt;Rerun&lt;/td&gt;&#34;, &#34;&lt;td class=\&#34;col-testId\&#34;&gt;Test_Cases/test_BankApp_Login_Params.py::Test_BankApp_Login_Params::test_bankapp_login_params_002[bankapp_login_data1]&lt;/td&gt;&#34;, &#34;&lt;td class=\&#34;col-duration\&#34;&gt;00:00:12&lt;/td&gt;&#34;, &#34;&lt;td class=\&#34;col-links\&#34;&gt;&lt;/td&gt;&#34;], &#34;log&#34;: &#34;[gw2] win32 -- Python 3.13.3 C:\\Users\\SMAK\\AppData\\Local\\Programs\\Python\\Python313\\python.exe\n\nself = &amp;lt;test_BankApp_Login_Params.Test_BankApp_Login_Params object at 0x000001EF445AF4D0&amp;gt;\ndriver_setup = &amp;lt;selenium.webdriver.chrome.webdriver.WebDriver (session=&amp;quot;57b88f7cb480c9e149cf8c5cb37581e9&amp;quot;)&amp;gt;\nbankapp_login_data = (&amp;#x27;credence123111a&amp;#x27;, &amp;#x27;Credence@123987211&amp;#x27;, &amp;#x27;Fail&amp;#x27;)\n\n&amp;gt;   ???\nE   AssertionError: assert &amp;#x27;Pass&amp;#x27; == &amp;#x27;Fail&amp;#x27;\nE     \nE     - Fail\nE     + Pass\n\nC:\\Users\\SMAK\\PycharmProjects\\03.Pytest Framework\\TestCases\\test_BankApp_Login_Params.py:51: AssertionError\n&#34;}, {&#34;extras&#34;: [], &#34;result&#34;: &#34;Failed&#34;, &#34;testId&#34;: &#34;Test_Cases/test_BankApp_Login_Params.py::Test_BankApp_Login_Params::test_bankapp_login_params_002[bankapp_login_data1]&#34;, &#34;duration&#34;: &#34;00:00:12&#34;, &#34;resultsTableRow&#34;: [&#34;&lt;td class=\&#34;col-result\&#34;&gt;Failed&lt;/td&gt;&#34;, &#34;&lt;td class=\&#34;col-testId\&#34;&gt;Test_Cases/test_BankApp_Login_Params.py::Test_BankApp_Login_Params::test_bankapp_login_params_002[bankapp_login_data1]&lt;/td&gt;&#34;, &#34;&lt;td class=\&#34;col-duration\&#34;&gt;00:00:12&lt;/td&gt;&#34;, &#34;&lt;td class=\&#34;col-links\&#34;&gt;&lt;/td&gt;&#34;], &#34;log&#34;: &#34;[gw2] win32 -- Python 3.13.3 C:\\Users\\SMAK\\AppData\\Local\\Programs\\Python\\Python313\\python.exe\n\nself = &amp;lt;test_BankApp_Login_Params.Test_BankApp_Login_Params object at 0x000001EF445AF4D0&amp;gt;\ndriver_setup = &amp;lt;selenium.webdriver.chrome.webdriver.WebDriver (session=&amp;quot;a98ae375444d1a0d7542fd69904b4579&amp;quot;)&amp;gt;\nbankapp_login_data = (&amp;#x27;credence123111a&amp;#x27;, &amp;#x27;Credence@123987211&amp;#x27;, &amp;#x27;Fail&amp;#x27;)\n\n&amp;gt;   ???\nE   AssertionError: assert &amp;#x27;Pass&amp;#x27; == &amp;#x27;Fail&amp;#x27;\nE     \nE     - Fail\nE     + Pass\n\nC:\\Users\\SMAK\\PycharmProjects\\03.Pytest Framework\\TestCases\\test_BankApp_Login_Params.py:51: AssertionError\n&#34;}], &#34;Test_Cases/test_file9_BankApp_Login_DDt_Excel_file.py::Test_BankApp_Login_DDT::test_bankapp_login_DDT_003&#34;: [{&#34;extras&#34;: [], &#34;result&#34;: &#34;Failed&#34;, &#34;testId&#34;: &#34;Test_Cases/test_file9_BankApp_Login_DDt_Excel_file.py::Test_BankApp_Login_DDT::test_bankapp_login_DDT_003&#34;, &#34;duration&#34;: &#34;00:00:27&#34;, &#34;resultsTableRow&#34;: [&#34;&lt;td class=\&#34;col-result\&#34;&gt;Failed&lt;/td&gt;&#34;, &#34;&lt;td class=\&#34;col-testId\&#34;&gt;Test_Cases/test_file9_BankApp_Login_DDt_Excel_file.py::Test_BankApp_Login_DDT::test_bankapp_login_DDT_003&lt;/td&gt;&#34;, &#34;&lt;td class=\&#34;col-duration\&#34;&gt;00:00:27&lt;/td&gt;&#34;, &#34;&lt;td class=\&#34;col-links\&#34;&gt;&lt;/td&gt;&#34;], &#34;log&#34;: &#34;[gw1] win32 -- Python 3.13.3 C:\\Users\\SMAK\\AppData\\Local\\Programs\\Python\\Python313\\python.exe\n\nself = &amp;lt;test_file9_BankApp_Login_DDt_Excel_file.Test_BankApp_Login_DDT object at 0x0000025F3AEF4A50&amp;gt;\ndriver_setup = &amp;lt;selenium.webdriver.chrome.webdriver.WebDriver (session=&amp;quot;2ba36c95db4a517c33aab30dfae977c0&amp;quot;)&amp;gt;\n\n    def test_bankapp_login_DDT_003(self, driver_setup):\n        driver = driver_setup\n        driver.get(&amp;quot;https://apps.credence.in/login.html&amp;quot;)\n        driver.maximize_window()\n        # time.sleep(2)\n        print(&amp;quot;Title of the page:&amp;quot;, driver.title)\n        #########################################################################\n        rows = Excel_utils.get_row_count(self.excel_file_path, self.sheet_name)\n        print(&amp;quot;Total rows are:&amp;quot;, rows)\n        Result_List = []\n        for r in range(2, rows+1):\n    \n            username = Excel_utils.read_data_from_excel(self.excel_file_path, self.sheet_name, r, 2)\n            password = Excel_utils.read_data_from_excel(self.excel_file_path, self.sheet_name, r, 3)\n            expected_result = Excel_utils.read_data_from_excel(self.excel_file_path, self.sheet_name, r, 4)\n    \n            print(f&amp;quot;Username is: {username}&amp;quot;)\n            print(f&amp;quot;Password is: {password}&amp;quot;)\n            print(f&amp;quot;Expected Result is: {expected_result}&amp;quot;)\n    \n            # Enter Username\n            #time.sleep(3)\n            username_field = driver.find_element(By.ID, &amp;quot;username&amp;quot;)\n            username_field.send_keys(username)\n    \n            # Enter Password\n            password_field = driver.find_element(By.NAME, &amp;quot;password&amp;quot;)\n            password_field.send_keys(password)\n    \n            # Click on Create User Button\n    \n            login_button = driver.find_element(By.ID, &amp;quot;loginButton&amp;quot;)\n            driver.execute_script(&amp;quot;arguments[0].scrollIntoView();&amp;quot;, login_button)\n            login_button.click()\n            # Verify the User login Successfully\n            wait = WebDriverWait(driver, 3)\n            try:\n                wait.until(\n                    expected_conditions.presence_of_element_located((By.XPATH, &amp;quot;//h2[normalize-space()=&amp;#x27;Dashboard&amp;#x27;]&amp;quot;))\n                    )\n                driver.find_element(By.XPATH, &amp;quot;//h2[normalize-space()=&amp;#x27;Dashboard&amp;#x27;]&amp;quot;)\n                print(&amp;quot;User login Successfully&amp;quot;)\n                # driver.save_screenshot(&amp;quot;User login Successfully.png&amp;quot;)\n                actual_result = &amp;quot;Pass&amp;quot;\n                Excel_utils.write_data_to_excel(self.excel_file_path, self.sheet_name, r, 5, actual_result)\n                #time.sleep(3)\n                logout_button = driver.find_element(By.XPATH, &amp;quot;//a[normalize-space()=&amp;#x27;Logout&amp;#x27;]&amp;quot;)\n                driver.execute_script(&amp;quot;arguments[0].scrollIntoView();&amp;quot;, logout_button)\n                logout_button.click()\n            except:\n                print(&amp;quot;User login Failed&amp;quot;)\n                # driver.save_screenshot(&amp;quot;User login Failed.png&amp;quot;)\n                actual_result = &amp;quot;Fail&amp;quot;\n                Excel_utils.write_data_to_excel(self.excel_file_path, self.sheet_name, r, 5, actual_result)\n    \n            if actual_result == expected_result:\n                test_case_result = &amp;quot;Pass&amp;quot;\n                print(f&amp;quot;Test Case Result is: {test_case_result}&amp;quot;)\n            else:\n                test_case_result = &amp;quot;Fail&amp;quot;\n                print(f&amp;quot;Test Case Result is: {test_case_result}&amp;quot;)\n    \n            Excel_utils.write_data_to_excel(self.excel_file_path, self.sheet_name, r, 6, test_case_result)\n            Result_List.append(test_case_result)\n    \n        print(f&amp;quot;Result List is: {Result_List}&amp;quot;)\n&amp;gt;       assert &amp;quot;Fail&amp;quot; not in Result_List, &amp;quot;Test Case Failed&amp;quot;\nE       AssertionError: Test Case Failed\nE       assert &amp;#x27;Fail&amp;#x27; not in [&amp;#x27;Pass&amp;#x27;, &amp;#x27;Fail&amp;#x27;, &amp;#x27;Pass&amp;#x27;, &amp;#x27;Pass&amp;#x27;]\n\nTest_Cases\\test_file9_BankApp_Login_DDt_Excel_file.py:85: AssertionError\n&#34;}], &#34;Test_Cases/test_file5.py::Test005::test_CredKart_CheckOut_003&#34;: [{&#34;extras&#34;: [], &#34;result&#34;: &#34;Passed&#34;, &#34;testId&#34;: &#34;Test_Cases/test_file5.py::Test005::test_CredKart_CheckOut_003&#34;, &#34;duration&#34;: &#34;00:00:26&#34;, &#34;resultsTableRow&#34;: [&#34;&lt;td class=\&#34;col-result\&#34;&gt;Passed&lt;/td&gt;&#34;, &#34;&lt;td class=\&#34;col-testId\&#34;&gt;Test_Cases/test_file5.py::Test005::test_CredKart_CheckOut_003&lt;/td&gt;&#34;, &#34;&lt;td class=\&#34;col-duration\&#34;&gt;00:00:26&lt;/td&gt;&#34;, &#34;&lt;td class=\&#34;col-links\&#34;&gt;&lt;/td&gt;&#34;], &#34;log&#34;: &#34;[gw2] win32 -- Python 3.13.3 C:\\Users\\SMAK\\AppData\\Local\\Programs\\Python\\Python313\\python.exe\n&#34;}], &#34;Test_Cases/test_BankApp_Login_Params.py::Test_BankApp_Login_Params::test_bankapp_login_params_002[bankapp_login_data3]&#34;: [{&#34;extras&#34;: [], &#34;result&#34;: &#34;Rerun&#34;, &#34;testId&#34;: &#34;Test_Cases/test_BankApp_Login_Params.py::Test_BankApp_Login_Params::test_bankapp_login_params_002[bankapp_login_data3]&#34;, &#34;duration&#34;: &#34;00:00:15&#34;, &#34;resultsTableRow&#34;: [&#34;&lt;td class=\&#34;col-result\&#34;&gt;Rerun&lt;/td&gt;&#34;, &#34;&lt;td class=\&#34;col-testId\&#34;&gt;Test_Cases/test_BankApp_Login_Params.py::Test_BankApp_Login_Params::test_bankapp_login_params_002[bankapp_login_data3]&lt;/td&gt;&#34;, &#34;&lt;td class=\&#34;col-duration\&#34;&gt;00:00:15&lt;/td&gt;&#34;, &#34;&lt;td class=\&#34;col-links\&#34;&gt;&lt;/td&gt;&#34;], &#34;log&#34;: &#34;[gw3] win32 -- Python 3.13.3 C:\\Users\\SMAK\\AppData\\Local\\Programs\\Python\\Python313\\python.exe\n\nself = &amp;lt;test_BankApp_Login_Params.Test_BankApp_Login_Params object at 0x0000026286DA0770&amp;gt;\ndriver_setup = &amp;lt;selenium.webdriver.chrome.webdriver.WebDriver (session=&amp;quot;ee4501984975d2cf89ff7a0bbf736b51&amp;quot;)&amp;gt;\nbankapp_login_data = (&amp;#x27;credence123111a&amp;#x27;, &amp;#x27;Credence@123987211a&amp;#x27;, &amp;#x27;Pass&amp;#x27;)\n\n&amp;gt;   ???\nE   AssertionError: assert &amp;#x27;Fail&amp;#x27; == &amp;#x27;Pass&amp;#x27;\nE     \nE     - Pass\nE     + Fail\n\nC:\\Users\\SMAK\\PycharmProjects\\03.Pytest Framework\\TestCases\\test_BankApp_Login_Params.py:51: AssertionError\n&#34;}, {&#34;extras&#34;: [], &#34;result&#34;: &#34;Rerun&#34;, &#34;testId&#34;: &#34;Test_Cases/test_BankApp_Login_Params.py::Test_BankApp_Login_Params::test_bankapp_login_params_002[bankapp_login_data3]&#34;, &#34;duration&#34;: &#34;00:00:15&#34;, &#34;resultsTableRow&#34;: [&#34;&lt;td class=\&#34;col-result\&#34;&gt;Rerun&lt;/td&gt;&#34;, &#34;&lt;td class=\&#34;col-testId\&#34;&gt;Test_Cases/test_BankApp_Login_Params.py::Test_BankApp_Login_Params::test_bankapp_login_params_002[bankapp_login_data3]&lt;/td&gt;&#34;, &#34;&lt;td class=\&#34;col-duration\&#34;&gt;00:00:15&lt;/td&gt;&#34;, &#34;&lt;td class=\&#34;col-links\&#34;&gt;&lt;/td&gt;&#34;], &#34;log&#34;: &#34;[gw3] win32 -- Python 3.13.3 C:\\Users\\SMAK\\AppData\\Local\\Programs\\Python\\Python313\\python.exe\n\nself = &amp;lt;test_BankApp_Login_Params.Test_BankApp_Login_Params object at 0x0000026286DA0770&amp;gt;\ndriver_setup = &amp;lt;selenium.webdriver.chrome.webdriver.WebDriver (session=&amp;quot;6b8c772aac55a3e131900b02a6af5083&amp;quot;)&amp;gt;\nbankapp_login_data = (&amp;#x27;credence123111a&amp;#x27;, &amp;#x27;Credence@123987211a&amp;#x27;, &amp;#x27;Pass&amp;#x27;)\n\n&amp;gt;   ???\nE   AssertionError: assert &amp;#x27;Fail&amp;#x27; == &amp;#x27;Pass&amp;#x27;\nE     \nE     - Pass\nE     + Fail\n\nC:\\Users\\SMAK\\PycharmProjects\\03.Pytest Framework\\TestCases\\test_BankApp_Login_Params.py:51: AssertionError\n&#34;}, {&#34;extras&#34;: [], &#34;result&#34;: &#34;Rerun&#34;, &#34;testId&#34;: &#34;Test_Cases/test_BankApp_Login_Params.py::Test_BankApp_Login_Params::test_bankapp_login_params_002[bankapp_login_data3]&#34;, &#34;duration&#34;: &#34;00:00:15&#34;, &#34;resultsTableRow&#34;: [&#34;&lt;td class=\&#34;col-result\&#34;&gt;Rerun&lt;/td&gt;&#34;, &#34;&lt;td class=\&#34;col-testId\&#34;&gt;Test_Cases/test_BankApp_Login_Params.py::Test_BankApp_Login_Params::test_bankapp_login_params_002[bankapp_login_data3]&lt;/td&gt;&#34;, &#34;&lt;td class=\&#34;col-duration\&#34;&gt;00:00:15&lt;/td&gt;&#34;, &#34;&lt;td class=\&#34;col-links\&#34;&gt;&lt;/td&gt;&#34;], &#34;log&#34;: &#34;[gw3] win32 -- Python 3.13.3 C:\\Users\\SMAK\\AppData\\Local\\Programs\\Python\\Python313\\python.exe\n\nself = &amp;lt;test_BankApp_Login_Params.Test_BankApp_Login_Params object at 0x0000026286DA0770&amp;gt;\ndriver_setup = &amp;lt;selenium.webdriver.chrome.webdriver.WebDriver (session=&amp;quot;90e3a3227ece1167fb6ff04ff995711a&amp;quot;)&amp;gt;\nbankapp_login_data = (&amp;#x27;credence123111a&amp;#x27;, &amp;#x27;Credence@123987211a&amp;#x27;, &amp;#x27;Pass&amp;#x27;)\n\n&amp;gt;   ???\nE   AssertionError: assert &amp;#x27;Fail&amp;#x27; == &amp;#x27;Pass&amp;#x27;\nE     \nE     - Pass\nE     + Fail\n\nC:\\Users\\SMAK\\PycharmProjects\\03.Pytest Framework\\TestCases\\test_BankApp_Login_Params.py:51: AssertionError\n&#34;}, {&#34;extras&#34;: [], &#34;result&#34;: &#34;Rerun&#34;, &#34;testId&#34;: &#34;Test_Cases/test_BankApp_Login_Params.py::Test_BankApp_Login_Params::test_bankapp_login_params_002[bankapp_login_data3]&#34;, &#34;duration&#34;: &#34;00:00:15&#34;, &#34;resultsTableRow&#34;: [&#34;&lt;td class=\&#34;col-result\&#34;&gt;Rerun&lt;/td&gt;&#34;, &#34;&lt;td class=\&#34;col-testId\&#34;&gt;Test_Cases/test_BankApp_Login_Params.py::Test_BankApp_Login_Params::test_bankapp_login_params_002[bankapp_login_data3]&lt;/td&gt;&#34;, &#34;&lt;td class=\&#34;col-duration\&#34;&gt;00:00:15&lt;/td&gt;&#34;, &#34;&lt;td class=\&#34;col-links\&#34;&gt;&lt;/td&gt;&#34;], &#34;log&#34;: &#34;[gw3] win32 -- Python 3.13.3 C:\\Users\\SMAK\\AppData\\Local\\Programs\\Python\\Python313\\python.exe\n\nself = &amp;lt;test_BankApp_Login_Params.Test_BankApp_Login_Params object at 0x0000026286DA0770&amp;gt;\ndriver_setup = &amp;lt;selenium.webdriver.chrome.webdriver.WebDriver (session=&amp;quot;1cd8307f857e23a5af7839f13906bfcb&amp;quot;)&amp;gt;\nbankapp_login_data = (&amp;#x27;credence123111a&amp;#x27;, &amp;#x27;Credence@123987211a&amp;#x27;, &amp;#x27;Pass&amp;#x27;)\n\n&amp;gt;   ???\nE   AssertionError: assert &amp;#x27;Fail&amp;#x27; == &amp;#x27;Pass&amp;#x27;\nE     \nE     - Pass\nE     + Fail\n\nC:\\Users\\SMAK\\PycharmProjects\\03.Pytest Framework\\TestCases\\test_BankApp_Login_Params.py:51: AssertionError\n&#34;}, {&#34;extras&#34;: [], &#34;result&#34;: &#34;Rerun&#34;, &#34;testId&#34;: &#34;Test_Cases/test_BankApp_Login_Params.py::Test_BankApp_Login_Params::test_bankapp_login_params_002[bankapp_login_data3]&#34;, &#34;duration&#34;: &#34;00:00:15&#34;, &#34;resultsTableRow&#34;: [&#34;&lt;td class=\&#34;col-result\&#34;&gt;Rerun&lt;/td&gt;&#34;, &#34;&lt;td class=\&#34;col-testId\&#34;&gt;Test_Cases/test_BankApp_Login_Params.py::Test_BankApp_Login_Params::test_bankapp_login_params_002[bankapp_login_data3]&lt;/td&gt;&#34;, &#34;&lt;td class=\&#34;col-duration\&#34;&gt;00:00:15&lt;/td&gt;&#34;, &#34;&lt;td class=\&#34;col-links\&#34;&gt;&lt;/td&gt;&#34;], &#34;log&#34;: &#34;[gw3] win32 -- Python 3.13.3 C:\\Users\\SMAK\\AppData\\Local\\Programs\\Python\\Python313\\python.exe\n\nself = &amp;lt;test_BankApp_Login_Params.Test_BankApp_Login_Params object at 0x0000026286DA0770&amp;gt;\ndriver_setup = &amp;lt;selenium.webdriver.chrome.webdriver.WebDriver (session=&amp;quot;86bdbc32d8e23d3d269103a02855c381&amp;quot;)&amp;gt;\nbankapp_login_data = (&amp;#x27;credence123111a&amp;#x27;, &amp;#x27;Credence@123987211a&amp;#x27;, &amp;#x27;Pass&amp;#x27;)\n\n&amp;gt;   ???\nE   AssertionError: assert &amp;#x27;Fail&amp;#x27; == &amp;#x27;Pass&amp;#x27;\nE     \nE     - Pass\nE     + Fail\n\nC:\\Users\\SMAK\\PycharmProjects\\03.Pytest Framework\\TestCases\\test_BankApp_Login_Params.py:51: AssertionError\n&#34;}, {&#34;extras&#34;: [], &#34;result&#34;: &#34;Failed&#34;, &#34;testId&#34;: &#34;Test_Cases/test_BankApp_Login_Params.py::Test_BankApp_Login_Params::test_bankapp_login_params_002[bankapp_login_data3]&#34;, &#34;duration&#34;: &#34;00:00:15&#34;, &#34;resultsTableRow&#34;: [&#34;&lt;td class=\&#34;col-result\&#34;&gt;Failed&lt;/td&gt;&#34;, &#34;&lt;td class=\&#34;col-testId\&#34;&gt;Test_Cases/test_BankApp_Login_Params.py::Test_BankApp_Login_Params::test_bankapp_login_params_002[bankapp_login_data3]&lt;/td&gt;&#34;, &#34;&lt;td class=\&#34;col-duration\&#34;&gt;00:00:15&lt;/td&gt;&#34;, &#34;&lt;td class=\&#34;col-links\&#34;&gt;&lt;/td&gt;&#34;], &#34;log&#34;: &#34;[gw3] win32 -- Python 3.13.3 C:\\Users\\SMAK\\AppData\\Local\\Programs\\Python\\Python313\\python.exe\n\nself = &amp;lt;test_BankApp_Login_Params.Test_BankApp_Login_Params object at 0x0000026286DA0770&amp;gt;\ndriver_setup = &amp;lt;selenium.webdriver.chrome.webdriver.WebDriver (session=&amp;quot;7346f2c022eaf08bbab90ef7a975d2e3&amp;quot;)&amp;gt;\nbankapp_login_data = (&amp;#x27;credence123111a&amp;#x27;, &amp;#x27;Credence@123987211a&amp;#x27;, &amp;#x27;Pass&amp;#x27;)\n\n&amp;gt;   ???\nE   AssertionError: assert &amp;#x27;Fail&amp;#x27; == &amp;#x27;Pass&amp;#x27;\nE     \nE     - Pass\nE     + Fail\n\nC:\\Users\\SMAK\\PycharmProjects\\03.Pytest Framework\\TestCases\\test_BankApp_Login_Params.py:51: AssertionError\n&#34;}], &#34;Test_Cases/test_file8_BnakApp_Login_paramas.py::Test_BankApp_Login_Params::test_bankapp_login_params_002[bankapp_login_data1]&#34;: [{&#34;extras&#34;: [], &#34;result&#34;: &#34;Rerun&#34;, &#34;testId&#34;: &#34;Test_Cases/test_file8_BnakApp_Login_paramas.py::Test_BankApp_Login_Params::test_bankapp_login_params_002[bankapp_login_data1]&#34;, &#34;duration&#34;: &#34;00:00:08&#34;, &#34;resultsTableRow&#34;: [&#34;&lt;td class=\&#34;col-result\&#34;&gt;Rerun&lt;/td&gt;&#34;, &#34;&lt;td class=\&#34;col-testId\&#34;&gt;Test_Cases/test_file8_BnakApp_Login_paramas.py::Test_BankApp_Login_Params::test_bankapp_login_params_002[bankapp_login_data1]&lt;/td&gt;&#34;, &#34;&lt;td class=\&#34;col-duration\&#34;&gt;00:00:08&lt;/td&gt;&#34;, &#34;&lt;td class=\&#34;col-links\&#34;&gt;&lt;/td&gt;&#34;], &#34;log&#34;: &#34;[gw0] win32 -- Python 3.13.3 C:\\Users\\SMAK\\AppData\\Local\\Programs\\Python\\Python313\\python.exe\n\nself = &amp;lt;test_file8_BnakApp_Login_paramas.Test_BankApp_Login_Params object at 0x000001C948F70910&amp;gt;\ndriver_setup = &amp;lt;selenium.webdriver.chrome.webdriver.WebDriver (session=&amp;quot;bf5fdeae74345cd604f809eebce60c84&amp;quot;)&amp;gt;\nbankapp_login_data = (&amp;#x27;credence123111a&amp;#x27;, &amp;#x27;Credence@123987211&amp;#x27;, &amp;#x27;Fail&amp;#x27;)\n\n    @pytest.mark.flaky(reruns=5, reruns_delay=1)  # to retry the failed testcases\n    def test_bankapp_login_params_002(self, driver_setup, bankapp_login_data):\n    \n        username = bankapp_login_data[0]\n        password = bankapp_login_data[1]\n        expected_result = bankapp_login_data[2]\n        print(f&amp;quot;Username is: {username}&amp;quot;)\n        print(f&amp;quot;Password is: {password}&amp;quot;)\n        print(f&amp;quot;Expected Result is: {expected_result}&amp;quot;)\n    \n        driver = driver_setup\n        driver.get(&amp;quot;https://apps.credence.in/login.html&amp;quot;)\n        driver.maximize_window()\n        # time.sleep(2)\n        print(&amp;quot;Title of the page:&amp;quot;, driver.title)\n    \n        # Enter Username\n        username_field = driver.find_element(By.ID, &amp;quot;username&amp;quot;)\n        username_field.send_keys(username)\n    \n        # Enter Password\n        password_field = driver.find_element(By.NAME, &amp;quot;password&amp;quot;)\n        password_field.send_keys(password)\n    \n        # Click on Create User Button\n    \n        login_button = driver.find_element(By.ID, &amp;quot;loginButton&amp;quot;)\n        login_button.click()\n        # Verify the User login Successfully\n        wait = WebDriverWait(driver, 5)\n        try:\n            wait.until(\n                expected_conditions.presence_of_element_located((By.XPATH, &amp;quot;//h2[normalize-space()=&amp;#x27;Dashboard&amp;#x27;]&amp;quot;))\n                )\n            driver.find_element(By.XPATH, &amp;quot;//h2[normalize-space()=&amp;#x27;Dashboard&amp;#x27;]&amp;quot;)\n            print(&amp;quot;User login Successfully&amp;quot;)\n            # driver.save_screenshot(&amp;quot;User login Successfully.png&amp;quot;)\n            actual_result = &amp;quot;Pass&amp;quot;\n        except:\n            print(&amp;quot;User login Failed&amp;quot;)\n            # driver.save_screenshot(&amp;quot;User login Failed.png&amp;quot;)\n            actual_result = &amp;quot;Fail&amp;quot;\n    \n&amp;gt;       assert actual_result == expected_result\nE       AssertionError: assert &amp;#x27;Pass&amp;#x27; == &amp;#x27;Fail&amp;#x27;\nE         \nE         - Fail\nE         + Pass\n\nTest_Cases\\test_file8_BnakApp_Login_paramas.py:51: AssertionError\n&#34;}, {&#34;extras&#34;: [], &#34;result&#34;: &#34;Rerun&#34;, &#34;testId&#34;: &#34;Test_Cases/test_file8_BnakApp_Login_paramas.py::Test_BankApp_Login_Params::test_bankapp_login_params_002[bankapp_login_data1]&#34;, &#34;duration&#34;: &#34;00:00:08&#34;, &#34;resultsTableRow&#34;: [&#34;&lt;td class=\&#34;col-result\&#34;&gt;Rerun&lt;/td&gt;&#34;, &#34;&lt;td class=\&#34;col-testId\&#34;&gt;Test_Cases/test_file8_BnakApp_Login_paramas.py::Test_BankApp_Login_Params::test_bankapp_login_params_002[bankapp_login_data1]&lt;/td&gt;&#34;, &#34;&lt;td class=\&#34;col-duration\&#34;&gt;00:00:08&lt;/td&gt;&#34;, &#34;&lt;td class=\&#34;col-links\&#34;&gt;&lt;/td&gt;&#34;], &#34;log&#34;: &#34;[gw0] win32 -- Python 3.13.3 C:\\Users\\SMAK\\AppData\\Local\\Programs\\Python\\Python313\\python.exe\n\nself = &amp;lt;test_file8_BnakApp_Login_paramas.Test_BankApp_Login_Params object at 0x000001C948F70910&amp;gt;\ndriver_setup = &amp;lt;selenium.webdriver.chrome.webdriver.WebDriver (session=&amp;quot;4017ea35d2ce3d37db2a1d761044b11c&amp;quot;)&amp;gt;\nbankapp_login_data = (&amp;#x27;credence123111a&amp;#x27;, &amp;#x27;Credence@123987211&amp;#x27;, &amp;#x27;Fail&amp;#x27;)\n\n    @pytest.mark.flaky(reruns=5, reruns_delay=1)  # to retry the failed testcases\n    def test_bankapp_login_params_002(self, driver_setup, bankapp_login_data):\n    \n        username = bankapp_login_data[0]\n        password = bankapp_login_data[1]\n        expected_result = bankapp_login_data[2]\n        print(f&amp;quot;Username is: {username}&amp;quot;)\n        print(f&amp;quot;Password is: {password}&amp;quot;)\n        print(f&amp;quot;Expected Result is: {expected_result}&amp;quot;)\n    \n        driver = driver_setup\n        driver.get(&amp;quot;https://apps.credence.in/login.html&amp;quot;)\n        driver.maximize_window()\n        # time.sleep(2)\n        print(&amp;quot;Title of the page:&amp;quot;, driver.title)\n    \n        # Enter Username\n        username_field = driver.find_element(By.ID, &amp;quot;username&amp;quot;)\n        username_field.send_keys(username)\n    \n        # Enter Password\n        password_field = driver.find_element(By.NAME, &amp;quot;password&amp;quot;)\n        password_field.send_keys(password)\n    \n        # Click on Create User Button\n    \n        login_button = driver.find_element(By.ID, &amp;quot;loginButton&amp;quot;)\n        login_button.click()\n        # Verify the User login Successfully\n        wait = WebDriverWait(driver, 5)\n        try:\n            wait.until(\n                expected_conditions.presence_of_element_located((By.XPATH, &amp;quot;//h2[normalize-space()=&amp;#x27;Dashboard&amp;#x27;]&amp;quot;))\n                )\n            driver.find_element(By.XPATH, &amp;quot;//h2[normalize-space()=&amp;#x27;Dashboard&amp;#x27;]&amp;quot;)\n            print(&amp;quot;User login Successfully&amp;quot;)\n            # driver.save_screenshot(&amp;quot;User login Successfully.png&amp;quot;)\n            actual_result = &amp;quot;Pass&amp;quot;\n        except:\n            print(&amp;quot;User login Failed&amp;quot;)\n            # driver.save_screenshot(&amp;quot;User login Failed.png&amp;quot;)\n            actual_result = &amp;quot;Fail&amp;quot;\n    \n&amp;gt;       assert actual_result == expected_result\nE       AssertionError: assert &amp;#x27;Pass&amp;#x27; == &amp;#x27;Fail&amp;#x27;\nE         \nE         - Fail\nE         + Pass\n\nTest_Cases\\test_file8_BnakApp_Login_paramas.py:51: AssertionError\n&#34;}, {&#34;extras&#34;: [], &#34;result&#34;: &#34;Rerun&#34;, &#34;testId&#34;: &#34;Test_Cases/test_file8_BnakApp_Login_paramas.py::Test_BankApp_Login_Params::test_bankapp_login_params_002[bankapp_login_data1]&#34;, &#34;duration&#34;: &#34;00:00:08&#34;, &#34;resultsTableRow&#34;: [&#34;&lt;td class=\&#34;col-result\&#34;&gt;Rerun&lt;/td&gt;&#34;, &#34;&lt;td class=\&#34;col-testId\&#34;&gt;Test_Cases/test_file8_BnakApp_Login_paramas.py::Test_BankApp_Login_Params::test_bankapp_login_params_002[bankapp_login_data1]&lt;/td&gt;&#34;, &#34;&lt;td class=\&#34;col-duration\&#34;&gt;00:00:08&lt;/td&gt;&#34;, &#34;&lt;td class=\&#34;col-links\&#34;&gt;&lt;/td&gt;&#34;], &#34;log&#34;: &#34;[gw0] win32 -- Python 3.13.3 C:\\Users\\SMAK\\AppData\\Local\\Programs\\Python\\Python313\\python.exe\n\nself = &amp;lt;test_file8_BnakApp_Login_paramas.Test_BankApp_Login_Params object at 0x000001C948F70910&amp;gt;\ndriver_setup = &amp;lt;selenium.webdriver.chrome.webdriver.WebDriver (session=&amp;quot;96f8a59cbac185058b33760a2da657f2&amp;quot;)&amp;gt;\nbankapp_login_data = (&amp;#x27;credence123111a&amp;#x27;, &amp;#x27;Credence@123987211&amp;#x27;, &amp;#x27;Fail&amp;#x27;)\n\n    @pytest.mark.flaky(reruns=5, reruns_delay=1)  # to retry the failed testcases\n    def test_bankapp_login_params_002(self, driver_setup, bankapp_login_data):\n    \n        username = bankapp_login_data[0]\n        password = bankapp_login_data[1]\n        expected_result = bankapp_login_data[2]\n        print(f&amp;quot;Username is: {username}&amp;quot;)\n        print(f&amp;quot;Password is: {password}&amp;quot;)\n        print(f&amp;quot;Expected Result is: {expected_result}&amp;quot;)\n    \n        driver = driver_setup\n        driver.get(&amp;quot;https://apps.credence.in/login.html&amp;quot;)\n        driver.maximize_window()\n        # time.sleep(2)\n        print(&amp;quot;Title of the page:&amp;quot;, driver.title)\n    \n        # Enter Username\n        username_field = driver.find_element(By.ID, &amp;quot;username&amp;quot;)\n        username_field.send_keys(username)\n    \n        # Enter Password\n        password_field = driver.find_element(By.NAME, &amp;quot;password&amp;quot;)\n        password_field.send_keys(password)\n    \n        # Click on Create User Button\n    \n        login_button = driver.find_element(By.ID, &amp;quot;loginButton&amp;quot;)\n        login_button.click()\n        # Verify the User login Successfully\n        wait = WebDriverWait(driver, 5)\n        try:\n            wait.until(\n                expected_conditions.presence_of_element_located((By.XPATH, &amp;quot;//h2[normalize-space()=&amp;#x27;Dashboard&amp;#x27;]&amp;quot;))\n                )\n            driver.find_element(By.XPATH, &amp;quot;//h2[normalize-space()=&amp;#x27;Dashboard&amp;#x27;]&amp;quot;)\n            print(&amp;quot;User login Successfully&amp;quot;)\n            # driver.save_screenshot(&amp;quot;User login Successfully.png&amp;quot;)\n            actual_result = &amp;quot;Pass&amp;quot;\n        except:\n            print(&amp;quot;User login Failed&amp;quot;)\n            # driver.save_screenshot(&amp;quot;User login Failed.png&amp;quot;)\n            actual_result = &amp;quot;Fail&amp;quot;\n    \n&amp;gt;       assert actual_result == expected_result\nE       AssertionError: assert &amp;#x27;Pass&amp;#x27; == &amp;#x27;Fail&amp;#x27;\nE         \nE         - Fail\nE         + Pass\n\nTest_Cases\\test_file8_BnakApp_Login_paramas.py:51: AssertionError\n&#34;}, {&#34;extras&#34;: [], &#34;result&#34;: &#34;Rerun&#34;, &#34;testId&#34;: &#34;Test_Cases/test_file8_BnakApp_Login_paramas.py::Test_BankApp_Login_Params::test_bankapp_login_params_002[bankapp_login_data1]&#34;, &#34;duration&#34;: &#34;00:00:08&#34;, &#34;resultsTableRow&#34;: [&#34;&lt;td class=\&#34;col-result\&#34;&gt;Rerun&lt;/td&gt;&#34;, &#34;&lt;td class=\&#34;col-testId\&#34;&gt;Test_Cases/test_file8_BnakApp_Login_paramas.py::Test_BankApp_Login_Params::test_bankapp_login_params_002[bankapp_login_data1]&lt;/td&gt;&#34;, &#34;&lt;td class=\&#34;col-duration\&#34;&gt;00:00:08&lt;/td&gt;&#34;, &#34;&lt;td class=\&#34;col-links\&#34;&gt;&lt;/td&gt;&#34;], &#34;log&#34;: &#34;[gw0] win32 -- Python 3.13.3 C:\\Users\\SMAK\\AppData\\Local\\Programs\\Python\\Python313\\python.exe\n\nself = &amp;lt;test_file8_BnakApp_Login_paramas.Test_BankApp_Login_Params object at 0x000001C948F70910&amp;gt;\ndriver_setup = &amp;lt;selenium.webdriver.chrome.webdriver.WebDriver (session=&amp;quot;fb290f77c43ddbf69ca623c80d0bbc4a&amp;quot;)&amp;gt;\nbankapp_login_data = (&amp;#x27;credence123111a&amp;#x27;, &amp;#x27;Credence@123987211&amp;#x27;, &amp;#x27;Fail&amp;#x27;)\n\n    @pytest.mark.flaky(reruns=5, reruns_delay=1)  # to retry the failed testcases\n    def test_bankapp_login_params_002(self, driver_setup, bankapp_login_data):\n    \n        username = bankapp_login_data[0]\n        password = bankapp_login_data[1]\n        expected_result = bankapp_login_data[2]\n        print(f&amp;quot;Username is: {username}&amp;quot;)\n        print(f&amp;quot;Password is: {password}&amp;quot;)\n        print(f&amp;quot;Expected Result is: {expected_result}&amp;quot;)\n    \n        driver = driver_setup\n        driver.get(&amp;quot;https://apps.credence.in/login.html&amp;quot;)\n        driver.maximize_window()\n        # time.sleep(2)\n        print(&amp;quot;Title of the page:&amp;quot;, driver.title)\n    \n        # Enter Username\n        username_field = driver.find_element(By.ID, &amp;quot;username&amp;quot;)\n        username_field.send_keys(username)\n    \n        # Enter Password\n        password_field = driver.find_element(By.NAME, &amp;quot;password&amp;quot;)\n        password_field.send_keys(password)\n    \n        # Click on Create User Button\n    \n        login_button = driver.find_element(By.ID, &amp;quot;loginButton&amp;quot;)\n        login_button.click()\n        # Verify the User login Successfully\n        wait = WebDriverWait(driver, 5)\n        try:\n            wait.until(\n                expected_conditions.presence_of_element_located((By.XPATH, &amp;quot;//h2[normalize-space()=&amp;#x27;Dashboard&amp;#x27;]&amp;quot;))\n                )\n            driver.find_element(By.XPATH, &amp;quot;//h2[normalize-space()=&amp;#x27;Dashboard&amp;#x27;]&amp;quot;)\n            print(&amp;quot;User login Successfully&amp;quot;)\n            # driver.save_screenshot(&amp;quot;User login Successfully.png&amp;quot;)\n            actual_result = &amp;quot;Pass&amp;quot;\n        except:\n            print(&amp;quot;User login Failed&amp;quot;)\n            # driver.save_screenshot(&amp;quot;User login Failed.png&amp;quot;)\n            actual_result = &amp;quot;Fail&amp;quot;\n    \n&amp;gt;       assert actual_result == expected_result\nE       AssertionError: assert &amp;#x27;Pass&amp;#x27; == &amp;#x27;Fail&amp;#x27;\nE         \nE         - Fail\nE         + Pass\n\nTest_Cases\\test_file8_BnakApp_Login_paramas.py:51: AssertionError\n&#34;}, {&#34;extras&#34;: [], &#34;result&#34;: &#34;Rerun&#34;, &#34;testId&#34;: &#34;Test_Cases/test_file8_BnakApp_Login_paramas.py::Test_BankApp_Login_Params::test_bankapp_login_params_002[bankapp_login_data1]&#34;, &#34;duration&#34;: &#34;00:00:08&#34;, &#34;resultsTableRow&#34;: [&#34;&lt;td class=\&#34;col-result\&#34;&gt;Rerun&lt;/td&gt;&#34;, &#34;&lt;td class=\&#34;col-testId\&#34;&gt;Test_Cases/test_file8_BnakApp_Login_paramas.py::Test_BankApp_Login_Params::test_bankapp_login_params_002[bankapp_login_data1]&lt;/td&gt;&#34;, &#34;&lt;td class=\&#34;col-duration\&#34;&gt;00:00:08&lt;/td&gt;&#34;, &#34;&lt;td class=\&#34;col-links\&#34;&gt;&lt;/td&gt;&#34;], &#34;log&#34;: &#34;[gw0] win32 -- Python 3.13.3 C:\\Users\\SMAK\\AppData\\Local\\Programs\\Python\\Python313\\python.exe\n\nself = &amp;lt;test_file8_BnakApp_Login_paramas.Test_BankApp_Login_Params object at 0x000001C948F70910&amp;gt;\ndriver_setup = &amp;lt;selenium.webdriver.chrome.webdriver.WebDriver (session=&amp;quot;8465be6e53950a145064a7b20f5fae3c&amp;quot;)&amp;gt;\nbankapp_login_data = (&amp;#x27;credence123111a&amp;#x27;, &amp;#x27;Credence@123987211&amp;#x27;, &amp;#x27;Fail&amp;#x27;)\n\n    @pytest.mark.flaky(reruns=5, reruns_delay=1)  # to retry the failed testcases\n    def test_bankapp_login_params_002(self, driver_setup, bankapp_login_data):\n    \n        username = bankapp_login_data[0]\n        password = bankapp_login_data[1]\n        expected_result = bankapp_login_data[2]\n        print(f&amp;quot;Username is: {username}&amp;quot;)\n        print(f&amp;quot;Password is: {password}&amp;quot;)\n        print(f&amp;quot;Expected Result is: {expected_result}&amp;quot;)\n    \n        driver = driver_setup\n        driver.get(&amp;quot;https://apps.credence.in/login.html&amp;quot;)\n        driver.maximize_window()\n        # time.sleep(2)\n        print(&amp;quot;Title of the page:&amp;quot;, driver.title)\n    \n        # Enter Username\n        username_field = driver.find_element(By.ID, &amp;quot;username&amp;quot;)\n        username_field.send_keys(username)\n    \n        # Enter Password\n        password_field = driver.find_element(By.NAME, &amp;quot;password&amp;quot;)\n        password_field.send_keys(password)\n    \n        # Click on Create User Button\n    \n        login_button = driver.find_element(By.ID, &amp;quot;loginButton&amp;quot;)\n        login_button.click()\n        # Verify the User login Successfully\n        wait = WebDriverWait(driver, 5)\n        try:\n            wait.until(\n                expected_conditions.presence_of_element_located((By.XPATH, &amp;quot;//h2[normalize-space()=&amp;#x27;Dashboard&amp;#x27;]&amp;quot;))\n                )\n            driver.find_element(By.XPATH, &amp;quot;//h2[normalize-space()=&amp;#x27;Dashboard&amp;#x27;]&amp;quot;)\n            print(&amp;quot;User login Successfully&amp;quot;)\n            # driver.save_screenshot(&amp;quot;User login Successfully.png&amp;quot;)\n            actual_result = &amp;quot;Pass&amp;quot;\n        except:\n            print(&amp;quot;User login Failed&amp;quot;)\n            # driver.save_screenshot(&amp;quot;User login Failed.png&amp;quot;)\n            actual_result = &amp;quot;Fail&amp;quot;\n    \n&amp;gt;       assert actual_result == expected_result\nE       AssertionError: assert &amp;#x27;Pass&amp;#x27; == &amp;#x27;Fail&amp;#x27;\nE         \nE         - Fail\nE         + Pass\n\nTest_Cases\\test_file8_BnakApp_Login_paramas.py:51: AssertionError\n&#34;}, {&#34;extras&#34;: [], &#34;result&#34;: &#34;Failed&#34;, &#34;testId&#34;: &#34;Test_Cases/test_file8_BnakApp_Login_paramas.py::Test_BankApp_Login_Params::test_bankapp_login_params_002[bankapp_login_data1]&#34;, &#34;duration&#34;: &#34;00:00:08&#34;, &#34;resultsTableRow&#34;: [&#34;&lt;td class=\&#34;col-result\&#34;&gt;Failed&lt;/td&gt;&#34;, &#34;&lt;td class=\&#34;col-testId\&#34;&gt;Test_Cases/test_file8_BnakApp_Login_paramas.py::Test_BankApp_Login_Params::test_bankapp_login_params_002[bankapp_login_data1]&lt;/td&gt;&#34;, &#34;&lt;td class=\&#34;col-duration\&#34;&gt;00:00:08&lt;/td&gt;&#34;, &#34;&lt;td class=\&#34;col-links\&#34;&gt;&lt;/td&gt;&#34;], &#34;log&#34;: &#34;[gw0] win32 -- Python 3.13.3 C:\\Users\\SMAK\\AppData\\Local\\Programs\\Python\\Python313\\python.exe\n\nself = &amp;lt;test_file8_BnakApp_Login_paramas.Test_BankApp_Login_Params object at 0x000001C948F70910&amp;gt;\ndriver_setup = &amp;lt;selenium.webdriver.chrome.webdriver.WebDriver (session=&amp;quot;eacac56d58ae757e01ce08ebf757452e&amp;quot;)&amp;gt;\nbankapp_login_data = (&amp;#x27;credence123111a&amp;#x27;, &amp;#x27;Credence@123987211&amp;#x27;, &amp;#x27;Fail&amp;#x27;)\n\n    @pytest.mark.flaky(reruns=5, reruns_delay=1)  # to retry the failed testcases\n    def test_bankapp_login_params_002(self, driver_setup, bankapp_login_data):\n    \n        username = bankapp_login_data[0]\n        password = bankapp_login_data[1]\n        expected_result = bankapp_login_data[2]\n        print(f&amp;quot;Username is: {username}&amp;quot;)\n        print(f&amp;quot;Password is: {password}&amp;quot;)\n        print(f&amp;quot;Expected Result is: {expected_result}&amp;quot;)\n    \n        driver = driver_setup\n        driver.get(&amp;quot;https://apps.credence.in/login.html&amp;quot;)\n        driver.maximize_window()\n        # time.sleep(2)\n        print(&amp;quot;Title of the page:&amp;quot;, driver.title)\n    \n        # Enter Username\n        username_field = driver.find_element(By.ID, &amp;quot;username&amp;quot;)\n        username_field.send_keys(username)\n    \n        # Enter Password\n        password_field = driver.find_element(By.NAME, &amp;quot;password&amp;quot;)\n        password_field.send_keys(password)\n    \n        # Click on Create User Button\n    \n        login_button = driver.find_element(By.ID, &amp;quot;loginButton&amp;quot;)\n        login_button.click()\n        # Verify the User login Successfully\n        wait = WebDriverWait(driver, 5)\n        try:\n            wait.until(\n                expected_conditions.presence_of_element_located((By.XPATH, &amp;quot;//h2[normalize-space()=&amp;#x27;Dashboard&amp;#x27;]&amp;quot;))\n                )\n            driver.find_element(By.XPATH, &amp;quot;//h2[normalize-space()=&amp;#x27;Dashboard&amp;#x27;]&amp;quot;)\n            print(&amp;quot;User login Successfully&amp;quot;)\n            # driver.save_screenshot(&amp;quot;User login Successfully.png&amp;quot;)\n            actual_result = &amp;quot;Pass&amp;quot;\n        except:\n            print(&amp;quot;User login Failed&amp;quot;)\n            # driver.save_screenshot(&amp;quot;User login Failed.png&amp;quot;)\n            actual_result = &amp;quot;Fail&amp;quot;\n    \n&amp;gt;       assert actual_result == expected_result\nE       AssertionError: assert &amp;#x27;Pass&amp;#x27; == &amp;#x27;Fail&amp;#x27;\nE         \nE         - Fail\nE         + Pass\n\nTest_Cases\\test_file8_BnakApp_Login_paramas.py:51: AssertionError\n&#34;}], &#34;Test_Cases/test_file6.py::Test005::test_CredKart_Title_005&#34;: [{&#34;extras&#34;: [], &#34;result&#34;: &#34;Passed&#34;, &#34;testId&#34;: &#34;Test_Cases/test_file6.py::Test005::test_CredKart_Title_005&#34;, &#34;duration&#34;: &#34;00:00:08&#34;, &#34;resultsTableRow&#34;: [&#34;&lt;td class=\&#34;col-result\&#34;&gt;Passed&lt;/td&gt;&#34;, &#34;&lt;td class=\&#34;col-testId\&#34;&gt;Test_Cases/test_file6.py::Test005::test_CredKart_Title_005&lt;/td&gt;&#34;, &#34;&lt;td class=\&#34;col-duration\&#34;&gt;00:00:08&lt;/td&gt;&#34;, &#34;&lt;td class=\&#34;col-links\&#34;&gt;&lt;/td&gt;&#34;], &#34;log&#34;: &#34;[gw3] win32 -- Python 3.13.3 C:\\Users\\SMAK\\AppData\\Local\\Programs\\Python\\Python313\\python.exe\n&#34;}], &#34;Test_Cases/test_file8_BnakApp_Login_paramas.py::Test_BankApp_Login_Params::test_bankapp_login_params_002[bankapp_login_data3]&#34;: [{&#34;extras&#34;: [], &#34;result&#34;: &#34;Rerun&#34;, &#34;testId&#34;: &#34;Test_Cases/test_file8_BnakApp_Login_paramas.py::Test_BankApp_Login_Params::test_bankapp_login_params_002[bankapp_login_data3]&#34;, &#34;duration&#34;: &#34;00:00:14&#34;, &#34;resultsTableRow&#34;: [&#34;&lt;td class=\&#34;col-result\&#34;&gt;Rerun&lt;/td&gt;&#34;, &#34;&lt;td class=\&#34;col-testId\&#34;&gt;Test_Cases/test_file8_BnakApp_Login_paramas.py::Test_BankApp_Login_Params::test_bankapp_login_params_002[bankapp_login_data3]&lt;/td&gt;&#34;, &#34;&lt;td class=\&#34;col-duration\&#34;&gt;00:00:14&lt;/td&gt;&#34;, &#34;&lt;td class=\&#34;col-links\&#34;&gt;&lt;/td&gt;&#34;], &#34;log&#34;: &#34;[gw0] win32 -- Python 3.13.3 C:\\Users\\SMAK\\AppData\\Local\\Programs\\Python\\Python313\\python.exe\n\nself = &amp;lt;test_file8_BnakApp_Login_paramas.Test_BankApp_Login_Params object at 0x000001C948F50FC0&amp;gt;\ndriver_setup = &amp;lt;selenium.webdriver.chrome.webdriver.WebDriver (session=&amp;quot;a257a24b97c777262a97f74efb2ee866&amp;quot;)&amp;gt;\nbankapp_login_data = (&amp;#x27;credence123111a&amp;#x27;, &amp;#x27;Credence@123987211a&amp;#x27;, &amp;#x27;Pass&amp;#x27;)\n\n    @pytest.mark.flaky(reruns=5, reruns_delay=1)  # to retry the failed testcases\n    def test_bankapp_login_params_002(self, driver_setup, bankapp_login_data):\n    \n        username = bankapp_login_data[0]\n        password = bankapp_login_data[1]\n        expected_result = bankapp_login_data[2]\n        print(f&amp;quot;Username is: {username}&amp;quot;)\n        print(f&amp;quot;Password is: {password}&amp;quot;)\n        print(f&amp;quot;Expected Result is: {expected_result}&amp;quot;)\n    \n        driver = driver_setup\n        driver.get(&amp;quot;https://apps.credence.in/login.html&amp;quot;)\n        driver.maximize_window()\n        # time.sleep(2)\n        print(&amp;quot;Title of the page:&amp;quot;, driver.title)\n    \n        # Enter Username\n        username_field = driver.find_element(By.ID, &amp;quot;username&amp;quot;)\n        username_field.send_keys(username)\n    \n        # Enter Password\n        password_field = driver.find_element(By.NAME, &amp;quot;password&amp;quot;)\n        password_field.send_keys(password)\n    \n        # Click on Create User Button\n    \n        login_button = driver.find_element(By.ID, &amp;quot;loginButton&amp;quot;)\n        login_button.click()\n        # Verify the User login Successfully\n        wait = WebDriverWait(driver, 5)\n        try:\n            wait.until(\n                expected_conditions.presence_of_element_located((By.XPATH, &amp;quot;//h2[normalize-space()=&amp;#x27;Dashboard&amp;#x27;]&amp;quot;))\n                )\n            driver.find_element(By.XPATH, &amp;quot;//h2[normalize-space()=&amp;#x27;Dashboard&amp;#x27;]&amp;quot;)\n            print(&amp;quot;User login Successfully&amp;quot;)\n            # driver.save_screenshot(&amp;quot;User login Successfully.png&amp;quot;)\n            actual_result = &amp;quot;Pass&amp;quot;\n        except:\n            print(&amp;quot;User login Failed&amp;quot;)\n            # driver.save_screenshot(&amp;quot;User login Failed.png&amp;quot;)\n            actual_result = &amp;quot;Fail&amp;quot;\n    \n&amp;gt;       assert actual_result == expected_result\nE       AssertionError: assert &amp;#x27;Fail&amp;#x27; == &amp;#x27;Pass&amp;#x27;\nE         \nE         - Pass\nE         + Fail\n\nTest_Cases\\test_file8_BnakApp_Login_paramas.py:51: AssertionError\n&#34;}, {&#34;extras&#34;: [], &#34;result&#34;: &#34;Rerun&#34;, &#34;testId&#34;: &#34;Test_Cases/test_file8_BnakApp_Login_paramas.py::Test_BankApp_Login_Params::test_bankapp_login_params_002[bankapp_login_data3]&#34;, &#34;duration&#34;: &#34;00:00:14&#34;, &#34;resultsTableRow&#34;: [&#34;&lt;td class=\&#34;col-result\&#34;&gt;Rerun&lt;/td&gt;&#34;, &#34;&lt;td class=\&#34;col-testId\&#34;&gt;Test_Cases/test_file8_BnakApp_Login_paramas.py::Test_BankApp_Login_Params::test_bankapp_login_params_002[bankapp_login_data3]&lt;/td&gt;&#34;, &#34;&lt;td class=\&#34;col-duration\&#34;&gt;00:00:14&lt;/td&gt;&#34;, &#34;&lt;td class=\&#34;col-links\&#34;&gt;&lt;/td&gt;&#34;], &#34;log&#34;: &#34;[gw0] win32 -- Python 3.13.3 C:\\Users\\SMAK\\AppData\\Local\\Programs\\Python\\Python313\\python.exe\n\nself = &amp;lt;test_file8_BnakApp_Login_paramas.Test_BankApp_Login_Params object at 0x000001C948F50FC0&amp;gt;\ndriver_setup = &amp;lt;selenium.webdriver.chrome.webdriver.WebDriver (session=&amp;quot;da31d79f85c677f1089f3ff9b16a6033&amp;quot;)&amp;gt;\nbankapp_login_data = (&amp;#x27;credence123111a&amp;#x27;, &amp;#x27;Credence@123987211a&amp;#x27;, &amp;#x27;Pass&amp;#x27;)\n\n    @pytest.mark.flaky(reruns=5, reruns_delay=1)  # to retry the failed testcases\n    def test_bankapp_login_params_002(self, driver_setup, bankapp_login_data):\n    \n        username = bankapp_login_data[0]\n        password = bankapp_login_data[1]\n        expected_result = bankapp_login_data[2]\n        print(f&amp;quot;Username is: {username}&amp;quot;)\n        print(f&amp;quot;Password is: {password}&amp;quot;)\n        print(f&amp;quot;Expected Result is: {expected_result}&amp;quot;)\n    \n        driver = driver_setup\n        driver.get(&amp;quot;https://apps.credence.in/login.html&amp;quot;)\n        driver.maximize_window()\n        # time.sleep(2)\n        print(&amp;quot;Title of the page:&amp;quot;, driver.title)\n    \n        # Enter Username\n        username_field = driver.find_element(By.ID, &amp;quot;username&amp;quot;)\n        username_field.send_keys(username)\n    \n        # Enter Password\n        password_field = driver.find_element(By.NAME, &amp;quot;password&amp;quot;)\n        password_field.send_keys(password)\n    \n        # Click on Create User Button\n    \n        login_button = driver.find_element(By.ID, &amp;quot;loginButton&amp;quot;)\n        login_button.click()\n        # Verify the User login Successfully\n        wait = WebDriverWait(driver, 5)\n        try:\n            wait.until(\n                expected_conditions.presence_of_element_located((By.XPATH, &amp;quot;//h2[normalize-space()=&amp;#x27;Dashboard&amp;#x27;]&amp;quot;))\n                )\n            driver.find_element(By.XPATH, &amp;quot;//h2[normalize-space()=&amp;#x27;Dashboard&amp;#x27;]&amp;quot;)\n            print(&amp;quot;User login Successfully&amp;quot;)\n            # driver.save_screenshot(&amp;quot;User login Successfully.png&amp;quot;)\n            actual_result = &amp;quot;Pass&amp;quot;\n        except:\n            print(&amp;quot;User login Failed&amp;quot;)\n            # driver.save_screenshot(&amp;quot;User login Failed.png&amp;quot;)\n            actual_result = &amp;quot;Fail&amp;quot;\n    \n&amp;gt;       assert actual_result == expected_result\nE       AssertionError: assert &amp;#x27;Fail&amp;#x27; == &amp;#x27;Pass&amp;#x27;\nE         \nE         - Pass\nE         + Fail\n\nTest_Cases\\test_file8_BnakApp_Login_paramas.py:51: AssertionError\n&#34;}, {&#34;extras&#34;: [], &#34;result&#34;: &#34;Rerun&#34;, &#34;testId&#34;: &#34;Test_Cases/test_file8_BnakApp_Login_paramas.py::Test_BankApp_Login_Params::test_bankapp_login_params_002[bankapp_login_data3]&#34;, &#34;duration&#34;: &#34;00:00:14&#34;, &#34;resultsTableRow&#34;: [&#34;&lt;td class=\&#34;col-result\&#34;&gt;Rerun&lt;/td&gt;&#34;, &#34;&lt;td class=\&#34;col-testId\&#34;&gt;Test_Cases/test_file8_BnakApp_Login_paramas.py::Test_BankApp_Login_Params::test_bankapp_login_params_002[bankapp_login_data3]&lt;/td&gt;&#34;, &#34;&lt;td class=\&#34;col-duration\&#34;&gt;00:00:14&lt;/td&gt;&#34;, &#34;&lt;td class=\&#34;col-links\&#34;&gt;&lt;/td&gt;&#34;], &#34;log&#34;: &#34;[gw0] win32 -- Python 3.13.3 C:\\Users\\SMAK\\AppData\\Local\\Programs\\Python\\Python313\\python.exe\n\nself = &amp;lt;test_file8_BnakApp_Login_paramas.Test_BankApp_Login_Params object at 0x000001C948F50FC0&amp;gt;\ndriver_setup = &amp;lt;selenium.webdriver.chrome.webdriver.WebDriver (session=&amp;quot;c5fdfd5f42da4d74f9739e57afd1c005&amp;quot;)&amp;gt;\nbankapp_login_data = (&amp;#x27;credence123111a&amp;#x27;, &amp;#x27;Credence@123987211a&amp;#x27;, &amp;#x27;Pass&amp;#x27;)\n\n    @pytest.mark.flaky(reruns=5, reruns_delay=1)  # to retry the failed testcases\n    def test_bankapp_login_params_002(self, driver_setup, bankapp_login_data):\n    \n        username = bankapp_login_data[0]\n        password = bankapp_login_data[1]\n        expected_result = bankapp_login_data[2]\n        print(f&amp;quot;Username is: {username}&amp;quot;)\n        print(f&amp;quot;Password is: {password}&amp;quot;)\n        print(f&amp;quot;Expected Result is: {expected_result}&amp;quot;)\n    \n        driver = driver_setup\n        driver.get(&amp;quot;https://apps.credence.in/login.html&amp;quot;)\n        driver.maximize_window()\n        # time.sleep(2)\n        print(&amp;quot;Title of the page:&amp;quot;, driver.title)\n    \n        # Enter Username\n        username_field = driver.find_element(By.ID, &amp;quot;username&amp;quot;)\n        username_field.send_keys(username)\n    \n        # Enter Password\n        password_field = driver.find_element(By.NAME, &amp;quot;password&amp;quot;)\n        password_field.send_keys(password)\n    \n        # Click on Create User Button\n    \n        login_button = driver.find_element(By.ID, &amp;quot;loginButton&amp;quot;)\n        login_button.click()\n        # Verify the User login Successfully\n        wait = WebDriverWait(driver, 5)\n        try:\n            wait.until(\n                expected_conditions.presence_of_element_located((By.XPATH, &amp;quot;//h2[normalize-space()=&amp;#x27;Dashboard&amp;#x27;]&amp;quot;))\n                )\n            driver.find_element(By.XPATH, &amp;quot;//h2[normalize-space()=&amp;#x27;Dashboard&amp;#x27;]&amp;quot;)\n            print(&amp;quot;User login Successfully&amp;quot;)\n            # driver.save_screenshot(&amp;quot;User login Successfully.png&amp;quot;)\n            actual_result = &amp;quot;Pass&amp;quot;\n        except:\n            print(&amp;quot;User login Failed&amp;quot;)\n            # driver.save_screenshot(&amp;quot;User login Failed.png&amp;quot;)\n            actual_result = &amp;quot;Fail&amp;quot;\n    \n&amp;gt;       assert actual_result == expected_result\nE       AssertionError: assert &amp;#x27;Fail&amp;#x27; == &amp;#x27;Pass&amp;#x27;\nE         \nE         - Pass\nE         + Fail\n\nTest_Cases\\test_file8_BnakApp_Login_paramas.py:51: AssertionError\n&#34;}, {&#34;extras&#34;: [], &#34;result&#34;: &#34;Rerun&#34;, &#34;testId&#34;: &#34;Test_Cases/test_file8_BnakApp_Login_paramas.py::Test_BankApp_Login_Params::test_bankapp_login_params_002[bankapp_login_data3]&#34;, &#34;duration&#34;: &#34;00:00:14&#34;, &#34;resultsTableRow&#34;: [&#34;&lt;td class=\&#34;col-result\&#34;&gt;Rerun&lt;/td&gt;&#34;, &#34;&lt;td class=\&#34;col-testId\&#34;&gt;Test_Cases/test_file8_BnakApp_Login_paramas.py::Test_BankApp_Login_Params::test_bankapp_login_params_002[bankapp_login_data3]&lt;/td&gt;&#34;, &#34;&lt;td class=\&#34;col-duration\&#34;&gt;00:00:14&lt;/td&gt;&#34;, &#34;&lt;td class=\&#34;col-links\&#34;&gt;&lt;/td&gt;&#34;], &#34;log&#34;: &#34;[gw0] win32 -- Python 3.13.3 C:\\Users\\SMAK\\AppData\\Local\\Programs\\Python\\Python313\\python.exe\n\nself = &amp;lt;test_file8_BnakApp_Login_paramas.Test_BankApp_Login_Params object at 0x000001C948F50FC0&amp;gt;\ndriver_setup = &amp;lt;selenium.webdriver.chrome.webdriver.WebDriver (session=&amp;quot;f8574804b1e7469fcae381884e15d5cc&amp;quot;)&amp;gt;\nbankapp_login_data = (&amp;#x27;credence123111a&amp;#x27;, &amp;#x27;Credence@123987211a&amp;#x27;, &amp;#x27;Pass&amp;#x27;)\n\n    @pytest.mark.flaky(reruns=5, reruns_delay=1)  # to retry the failed testcases\n    def test_bankapp_login_params_002(self, driver_setup, bankapp_login_data):\n    \n        username = bankapp_login_data[0]\n        password = bankapp_login_data[1]\n        expected_result = bankapp_login_data[2]\n        print(f&amp;quot;Username is: {username}&amp;quot;)\n        print(f&amp;quot;Password is: {password}&amp;quot;)\n        print(f&amp;quot;Expected Result is: {expected_result}&amp;quot;)\n    \n        driver = driver_setup\n        driver.get(&amp;quot;https://apps.credence.in/login.html&amp;quot;)\n        driver.maximize_window()\n        # time.sleep(2)\n        print(&amp;quot;Title of the page:&amp;quot;, driver.title)\n    \n        # Enter Username\n        username_field = driver.find_element(By.ID, &amp;quot;username&amp;quot;)\n        username_field.send_keys(username)\n    \n        # Enter Password\n        password_field = driver.find_element(By.NAME, &amp;quot;password&amp;quot;)\n        password_field.send_keys(password)\n    \n        # Click on Create User Button\n    \n        login_button = driver.find_element(By.ID, &amp;quot;loginButton&amp;quot;)\n        login_button.click()\n        # Verify the User login Successfully\n        wait = WebDriverWait(driver, 5)\n        try:\n            wait.until(\n                expected_conditions.presence_of_element_located((By.XPATH, &amp;quot;//h2[normalize-space()=&amp;#x27;Dashboard&amp;#x27;]&amp;quot;))\n                )\n            driver.find_element(By.XPATH, &amp;quot;//h2[normalize-space()=&amp;#x27;Dashboard&amp;#x27;]&amp;quot;)\n            print(&amp;quot;User login Successfully&amp;quot;)\n            # driver.save_screenshot(&amp;quot;User login Successfully.png&amp;quot;)\n            actual_result = &amp;quot;Pass&amp;quot;\n        except:\n            print(&amp;quot;User login Failed&amp;quot;)\n            # driver.save_screenshot(&amp;quot;User login Failed.png&amp;quot;)\n            actual_result = &amp;quot;Fail&amp;quot;\n    \n&amp;gt;       assert actual_result == expected_result\nE       AssertionError: assert &amp;#x27;Fail&amp;#x27; == &amp;#x27;Pass&amp;#x27;\nE         \nE         - Pass\nE         + Fail\n\nTest_Cases\\test_file8_BnakApp_Login_paramas.py:51: AssertionError\n&#34;}, {&#34;extras&#34;: [], &#34;result&#34;: &#34;Rerun&#34;, &#34;testId&#34;: &#34;Test_Cases/test_file8_BnakApp_Login_paramas.py::Test_BankApp_Login_Params::test_bankapp_login_params_002[bankapp_login_data3]&#34;, &#34;duration&#34;: &#34;00:00:14&#34;, &#34;resultsTableRow&#34;: [&#34;&lt;td class=\&#34;col-result\&#34;&gt;Rerun&lt;/td&gt;&#34;, &#34;&lt;td class=\&#34;col-testId\&#34;&gt;Test_Cases/test_file8_BnakApp_Login_paramas.py::Test_BankApp_Login_Params::test_bankapp_login_params_002[bankapp_login_data3]&lt;/td&gt;&#34;, &#34;&lt;td class=\&#34;col-duration\&#34;&gt;00:00:14&lt;/td&gt;&#34;, &#34;&lt;td class=\&#34;col-links\&#34;&gt;&lt;/td&gt;&#34;], &#34;log&#34;: &#34;[gw0] win32 -- Python 3.13.3 C:\\Users\\SMAK\\AppData\\Local\\Programs\\Python\\Python313\\python.exe\n\nself = &amp;lt;test_file8_BnakApp_Login_paramas.Test_BankApp_Login_Params object at 0x000001C948F50FC0&amp;gt;\ndriver_setup = &amp;lt;selenium.webdriver.chrome.webdriver.WebDriver (session=&amp;quot;165948c31ab62308e8a4c1c8db0c5704&amp;quot;)&amp;gt;\nbankapp_login_data = (&amp;#x27;credence123111a&amp;#x27;, &amp;#x27;Credence@123987211a&amp;#x27;, &amp;#x27;Pass&amp;#x27;)\n\n    @pytest.mark.flaky(reruns=5, reruns_delay=1)  # to retry the failed testcases\n    def test_bankapp_login_params_002(self, driver_setup, bankapp_login_data):\n    \n        username = bankapp_login_data[0]\n        password = bankapp_login_data[1]\n        expected_result = bankapp_login_data[2]\n        print(f&amp;quot;Username is: {username}&amp;quot;)\n        print(f&amp;quot;Password is: {password}&amp;quot;)\n        print(f&amp;quot;Expected Result is: {expected_result}&amp;quot;)\n    \n        driver = driver_setup\n        driver.get(&amp;quot;https://apps.credence.in/login.html&amp;quot;)\n        driver.maximize_window()\n        # time.sleep(2)\n        print(&amp;quot;Title of the page:&amp;quot;, driver.title)\n    \n        # Enter Username\n        username_field = driver.find_element(By.ID, &amp;quot;username&amp;quot;)\n        username_field.send_keys(username)\n    \n        # Enter Password\n        password_field = driver.find_element(By.NAME, &amp;quot;password&amp;quot;)\n        password_field.send_keys(password)\n    \n        # Click on Create User Button\n    \n        login_button = driver.find_element(By.ID, &amp;quot;loginButton&amp;quot;)\n        login_button.click()\n        # Verify the User login Successfully\n        wait = WebDriverWait(driver, 5)\n        try:\n            wait.until(\n                expected_conditions.presence_of_element_located((By.XPATH, &amp;quot;//h2[normalize-space()=&amp;#x27;Dashboard&amp;#x27;]&amp;quot;))\n                )\n            driver.find_element(By.XPATH, &amp;quot;//h2[normalize-space()=&amp;#x27;Dashboard&amp;#x27;]&amp;quot;)\n            print(&amp;quot;User login Successfully&amp;quot;)\n            # driver.save_screenshot(&amp;quot;User login Successfully.png&amp;quot;)\n            actual_result = &amp;quot;Pass&amp;quot;\n        except:\n            print(&amp;quot;User login Failed&amp;quot;)\n            # driver.save_screenshot(&amp;quot;User login Failed.png&amp;quot;)\n            actual_result = &amp;quot;Fail&amp;quot;\n    \n&amp;gt;       assert actual_result == expected_result\nE       AssertionError: assert &amp;#x27;Fail&amp;#x27; == &amp;#x27;Pass&amp;#x27;\nE         \nE         - Pass\nE         + Fail\n\nTest_Cases\\test_file8_BnakApp_Login_paramas.py:51: AssertionError\n&#34;}, {&#34;extras&#34;: [], &#34;result&#34;: &#34;Failed&#34;, &#34;testId&#34;: &#34;Test_Cases/test_file8_BnakApp_Login_paramas.py::Test_BankApp_Login_Params::test_bankapp_login_params_002[bankapp_login_data3]&#34;, &#34;duration&#34;: &#34;00:00:14&#34;, &#34;resultsTableRow&#34;: [&#34;&lt;td class=\&#34;col-result\&#34;&gt;Failed&lt;/td&gt;&#34;, &#34;&lt;td class=\&#34;col-testId\&#34;&gt;Test_Cases/test_file8_BnakApp_Login_paramas.py::Test_BankApp_Login_Params::test_bankapp_login_params_002[bankapp_login_data3]&lt;/td&gt;&#34;, &#34;&lt;td class=\&#34;col-duration\&#34;&gt;00:00:14&lt;/td&gt;&#34;, &#34;&lt;td class=\&#34;col-links\&#34;&gt;&lt;/td&gt;&#34;], &#34;log&#34;: &#34;[gw0] win32 -- Python 3.13.3 C:\\Users\\SMAK\\AppData\\Local\\Programs\\Python\\Python313\\python.exe\n\nself = &amp;lt;test_file8_BnakApp_Login_paramas.Test_BankApp_Login_Params object at 0x000001C948F50FC0&amp;gt;\ndriver_setup = &amp;lt;selenium.webdriver.chrome.webdriver.WebDriver (session=&amp;quot;2cf76d27101e6eed0783c0e1fb849838&amp;quot;)&amp;gt;\nbankapp_login_data = (&amp;#x27;credence123111a&amp;#x27;, &amp;#x27;Credence@123987211a&amp;#x27;, &amp;#x27;Pass&amp;#x27;)\n\n    @pytest.mark.flaky(reruns=5, reruns_delay=1)  # to retry the failed testcases\n    def test_bankapp_login_params_002(self, driver_setup, bankapp_login_data):\n    \n        username = bankapp_login_data[0]\n        password = bankapp_login_data[1]\n        expected_result = bankapp_login_data[2]\n        print(f&amp;quot;Username is: {username}&amp;quot;)\n        print(f&amp;quot;Password is: {password}&amp;quot;)\n        print(f&amp;quot;Expected Result is: {expected_result}&amp;quot;)\n    \n        driver = driver_setup\n        driver.get(&amp;quot;https://apps.credence.in/login.html&amp;quot;)\n        driver.maximize_window()\n        # time.sleep(2)\n        print(&amp;quot;Title of the page:&amp;quot;, driver.title)\n    \n        # Enter Username\n        username_field = driver.find_element(By.ID, &amp;quot;username&amp;quot;)\n        username_field.send_keys(username)\n    \n        # Enter Password\n        password_field = driver.find_element(By.NAME, &amp;quot;password&amp;quot;)\n        password_field.send_keys(password)\n    \n        # Click on Create User Button\n    \n        login_button = driver.find_element(By.ID, &amp;quot;loginButton&amp;quot;)\n        login_button.click()\n        # Verify the User login Successfully\n        wait = WebDriverWait(driver, 5)\n        try:\n            wait.until(\n                expected_conditions.presence_of_element_located((By.XPATH, &amp;quot;//h2[normalize-space()=&amp;#x27;Dashboard&amp;#x27;]&amp;quot;))\n                )\n            driver.find_element(By.XPATH, &amp;quot;//h2[normalize-space()=&amp;#x27;Dashboard&amp;#x27;]&amp;quot;)\n            print(&amp;quot;User login Successfully&amp;quot;)\n            # driver.save_screenshot(&amp;quot;User login Successfully.png&amp;quot;)\n            actual_result = &amp;quot;Pass&amp;quot;\n        except:\n            print(&amp;quot;User login Failed&amp;quot;)\n            # driver.save_screenshot(&amp;quot;User login Failed.png&amp;quot;)\n            actual_result = &amp;quot;Fail&amp;quot;\n    \n&amp;gt;       assert actual_result == expected_result\nE       AssertionError: assert &amp;#x27;Fail&amp;#x27; == &amp;#x27;Pass&amp;#x27;\nE         \nE         - Pass\nE         + Fail\n\nTest_Cases\\test_file8_BnakApp_Login_paramas.py:51: AssertionError\n&#34;}]}, &#34;renderCollapsed&#34;: [&#34;passed&#34;], &#34;initialSort&#34;: &#34;result&#34;, &#34;title&#34;: &#34;report.html&#34;}"></div>
    <script>
      (function(){function r(e,n,t){function o(i,f){if(!n[i]){if(!e[i]){var c="function"==typeof require&&require;if(!f&&c)return c(i,!0);if(u)return u(i,!0);var a=new Error("Cannot find module '"+i+"'");throw a.code="MODULE_NOT_FOUND",a}var p=n[i]={exports:{}};e[i][0].call(p.exports,function(r){var n=e[i][1][r];return o(n||r)},p,p.exports,r,e,n,t)}return n[i].exports}for(var u="function"==typeof require&&require,i=0;i<t.length;i++)o(t[i]);return o}return r})()({1:[function(require,module,exports){
const { getCollapsedCategory, setCollapsedIds } = require('./storage.js')

class DataManager {
    setManager(data) {
        const collapsedCategories = [...getCollapsedCategory(data.renderCollapsed)]
        const collapsedIds = []
        const tests = Object.values(data.tests).flat().map((test, index) => {
            const collapsed = collapsedCategories.includes(test.result.toLowerCase())
            const id = `test_${index}`
            if (collapsed) {
                collapsedIds.push(id)
            }
            return {
                ...test,
                id,
                collapsed,
            }
        })
        const dataBlob = { ...data, tests }
        this.data = { ...dataBlob }
        this.renderData = { ...dataBlob }
        setCollapsedIds(collapsedIds)
    }

    get allData() {
        return { ...this.data }
    }

    resetRender() {
        this.renderData = { ...this.data }
    }

    setRender(data) {
        this.renderData.tests = [...data]
    }

    toggleCollapsedItem(id) {
        this.renderData.tests = this.renderData.tests.map((test) =>
            test.id === id ? { ...test, collapsed: !test.collapsed } : test,
        )
    }

    set allCollapsed(collapsed) {
        this.renderData = { ...this.renderData, tests: [...this.renderData.tests.map((test) => (
            { ...test, collapsed }
        ))] }
    }

    get testSubset() {
        return [...this.renderData.tests]
    }

    get environment() {
        return this.renderData.environment
    }

    get initialSort() {
        return this.data.initialSort
    }
}

module.exports = {
    manager: new DataManager(),
}

},{"./storage.js":8}],2:[function(require,module,exports){
const mediaViewer = require('./mediaviewer.js')
const templateEnvRow = document.getElementById('template_environment_row')
const templateResult = document.getElementById('template_results-table__tbody')

function htmlToElements(html) {
    const temp = document.createElement('template')
    temp.innerHTML = html
    return temp.content.childNodes
}

const find = (selector, elem) => {
    if (!elem) {
        elem = document
    }
    return elem.querySelector(selector)
}

const findAll = (selector, elem) => {
    if (!elem) {
        elem = document
    }
    return [...elem.querySelectorAll(selector)]
}

const dom = {
    getStaticRow: (key, value) => {
        const envRow = templateEnvRow.content.cloneNode(true)
        const isObj = typeof value === 'object' && value !== null
        const values = isObj ? Object.keys(value).map((k) => `${k}: ${value[k]}`) : null

        const valuesElement = htmlToElements(
            values ? `<ul>${values.map((val) => `<li>${val}</li>`).join('')}<ul>` : `<div>${value}</div>`)[0]
        const td = findAll('td', envRow)
        td[0].textContent = key
        td[1].appendChild(valuesElement)

        return envRow
    },
    getResultTBody: ({ testId, id, log, extras, resultsTableRow, tableHtml, result, collapsed }) => {
        const resultBody = templateResult.content.cloneNode(true)
        resultBody.querySelector('tbody').classList.add(result.toLowerCase())
        resultBody.querySelector('tbody').id = testId
        resultBody.querySelector('.collapsible').dataset.id = id

        resultsTableRow.forEach((html) => {
            const t = document.createElement('template')
            t.innerHTML = html
            resultBody.querySelector('.collapsible').appendChild(t.content)
        })

        if (log) {
            // Wrap lines starting with "E" with span.error to color those lines red
            const wrappedLog = log.replace(/^E.*$/gm, (match) => `<span class="error">${match}</span>`)
            resultBody.querySelector('.log').innerHTML = wrappedLog
        } else {
            resultBody.querySelector('.log').remove()
        }

        if (collapsed) {
            resultBody.querySelector('.collapsible > td')?.classList.add('collapsed')
            resultBody.querySelector('.extras-row').classList.add('hidden')
        } else {
            resultBody.querySelector('.collapsible > td')?.classList.remove('collapsed')
        }

        const media = []
        extras?.forEach(({ name, format_type, content }) => {
            if (['image', 'video'].includes(format_type)) {
                media.push({ path: content, name, format_type })
            }

            if (format_type === 'html') {
                resultBody.querySelector('.extraHTML').insertAdjacentHTML('beforeend', `<div>${content}</div>`)
            }
        })
        mediaViewer.setup(resultBody, media)

        // Add custom html from the pytest_html_results_table_html hook
        tableHtml?.forEach((item) => {
            resultBody.querySelector('td[class="extra"]').insertAdjacentHTML('beforeend', item)
        })

        return resultBody
    },
}

module.exports = {
    dom,
    htmlToElements,
    find,
    findAll,
}

},{"./mediaviewer.js":6}],3:[function(require,module,exports){
const { manager } = require('./datamanager.js')
const { doSort } = require('./sort.js')
const storageModule = require('./storage.js')

const getFilteredSubSet = (filter) =>
    manager.allData.tests.filter(({ result }) => filter.includes(result.toLowerCase()))

const doInitFilter = () => {
    const currentFilter = storageModule.getVisible()
    const filteredSubset = getFilteredSubSet(currentFilter)
    manager.setRender(filteredSubset)
}

const doFilter = (type, show) => {
    if (show) {
        storageModule.showCategory(type)
    } else {
        storageModule.hideCategory(type)
    }

    const currentFilter = storageModule.getVisible()
    const filteredSubset = getFilteredSubSet(currentFilter)
    manager.setRender(filteredSubset)

    const sortColumn = storageModule.getSort()
    doSort(sortColumn, true)
}

module.exports = {
    doFilter,
    doInitFilter,
}

},{"./datamanager.js":1,"./sort.js":7,"./storage.js":8}],4:[function(require,module,exports){
const { redraw, bindEvents, renderStatic } = require('./main.js')
const { doInitFilter } = require('./filter.js')
const { doInitSort } = require('./sort.js')
const { manager } = require('./datamanager.js')
const data = JSON.parse(document.getElementById('data-container').dataset.jsonblob)

function init() {
    manager.setManager(data)
    doInitFilter()
    doInitSort()
    renderStatic()
    redraw()
    bindEvents()
}

init()

},{"./datamanager.js":1,"./filter.js":3,"./main.js":5,"./sort.js":7}],5:[function(require,module,exports){
const { dom, find, findAll } = require('./dom.js')
const { manager } = require('./datamanager.js')
const { doSort } = require('./sort.js')
const { doFilter } = require('./filter.js')
const {
    getVisible,
    getCollapsedIds,
    setCollapsedIds,
    getSort,
    getSortDirection,
    possibleFilters,
} = require('./storage.js')

const removeChildren = (node) => {
    while (node.firstChild) {
        node.removeChild(node.firstChild)
    }
}

const renderStatic = () => {
    const renderEnvironmentTable = () => {
        const environment = manager.environment
        const rows = Object.keys(environment).map((key) => dom.getStaticRow(key, environment[key]))
        const table = document.getElementById('environment')
        removeChildren(table)
        rows.forEach((row) => table.appendChild(row))
    }
    renderEnvironmentTable()
}

const addItemToggleListener = (elem) => {
    elem.addEventListener('click', ({ target }) => {
        const id = target.parentElement.dataset.id
        manager.toggleCollapsedItem(id)

        const collapsedIds = getCollapsedIds()
        if (collapsedIds.includes(id)) {
            const updated = collapsedIds.filter((item) => item !== id)
            setCollapsedIds(updated)
        } else {
            collapsedIds.push(id)
            setCollapsedIds(collapsedIds)
        }
        redraw()
    })
}

const renderContent = (tests) => {
    const sortAttr = getSort(manager.initialSort)
    const sortAsc = JSON.parse(getSortDirection())
    const rows = tests.map(dom.getResultTBody)
    const table = document.getElementById('results-table')
    const tableHeader = document.getElementById('results-table-head')

    const newTable = document.createElement('table')
    newTable.id = 'results-table'

    // remove all sorting classes and set the relevant
    findAll('.sortable', tableHeader).forEach((elem) => elem.classList.remove('asc', 'desc'))
    tableHeader.querySelector(`.sortable[data-column-type="${sortAttr}"]`)?.classList.add(sortAsc ? 'desc' : 'asc')
    newTable.appendChild(tableHeader)

    if (!rows.length) {
        const emptyTable = document.getElementById('template_results-table__body--empty').content.cloneNode(true)
        newTable.appendChild(emptyTable)
    } else {
        rows.forEach((row) => {
            if (!!row) {
                findAll('.collapsible td:not(.col-links', row).forEach(addItemToggleListener)
                find('.logexpander', row).addEventListener('click',
                    (evt) => evt.target.parentNode.classList.toggle('expanded'),
                )
                newTable.appendChild(row)
            }
        })
    }

    table.replaceWith(newTable)
}

const renderDerived = () => {
    const currentFilter = getVisible()
    possibleFilters.forEach((result) => {
        const input = document.querySelector(`input[data-test-result="${result}"]`)
        input.checked = currentFilter.includes(result)
    })
}

const bindEvents = () => {
    const filterColumn = (evt) => {
        const { target: element } = evt
        const { testResult } = element.dataset

        doFilter(testResult, element.checked)
        const collapsedIds = getCollapsedIds()
        const updated = manager.renderData.tests.map((test) => {
            return {
                ...test,
                collapsed: collapsedIds.includes(test.id),
            }
        })
        manager.setRender(updated)
        redraw()
    }

    const header = document.getElementById('environment-header')
    header.addEventListener('click', () => {
        const table = document.getElementById('environment')
        table.classList.toggle('hidden')
        header.classList.toggle('collapsed')
    })

    findAll('input[name="filter_checkbox"]').forEach((elem) => {
        elem.addEventListener('click', filterColumn)
    })

    findAll('.sortable').forEach((elem) => {
        elem.addEventListener('click', (evt) => {
            const { target: element } = evt
            const { columnType } = element.dataset
            doSort(columnType)
            redraw()
        })
    })

    document.getElementById('show_all_details').addEventListener('click', () => {
        manager.allCollapsed = false
        setCollapsedIds([])
        redraw()
    })
    document.getElementById('hide_all_details').addEventListener('click', () => {
        manager.allCollapsed = true
        const allIds = manager.renderData.tests.map((test) => test.id)
        setCollapsedIds(allIds)
        redraw()
    })
}

const redraw = () => {
    const { testSubset } = manager

    renderContent(testSubset)
    renderDerived()
}

module.exports = {
    redraw,
    bindEvents,
    renderStatic,
}

},{"./datamanager.js":1,"./dom.js":2,"./filter.js":3,"./sort.js":7,"./storage.js":8}],6:[function(require,module,exports){
class MediaViewer {
    constructor(assets) {
        this.assets = assets
        this.index = 0
    }

    nextActive() {
        this.index = this.index === this.assets.length - 1 ? 0 : this.index + 1
        return [this.activeFile, this.index]
    }

    prevActive() {
        this.index = this.index === 0 ? this.assets.length - 1 : this.index -1
        return [this.activeFile, this.index]
    }

    get currentIndex() {
        return this.index
    }

    get activeFile() {
        return this.assets[this.index]
    }
}


const setup = (resultBody, assets) => {
    if (!assets.length) {
        resultBody.querySelector('.media').classList.add('hidden')
        return
    }

    const mediaViewer = new MediaViewer(assets)
    const container = resultBody.querySelector('.media-container')
    const leftArrow = resultBody.querySelector('.media-container__nav--left')
    const rightArrow = resultBody.querySelector('.media-container__nav--right')
    const mediaName = resultBody.querySelector('.media__name')
    const counter = resultBody.querySelector('.media__counter')
    const imageEl = resultBody.querySelector('img')
    const sourceEl = resultBody.querySelector('source')
    const videoEl = resultBody.querySelector('video')

    const setImg = (media, index) => {
        if (media?.format_type === 'image') {
            imageEl.src = media.path

            imageEl.classList.remove('hidden')
            videoEl.classList.add('hidden')
        } else if (media?.format_type === 'video') {
            sourceEl.src = media.path

            videoEl.classList.remove('hidden')
            imageEl.classList.add('hidden')
        }

        mediaName.innerText = media?.name
        counter.innerText = `${index + 1} / ${assets.length}`
    }
    setImg(mediaViewer.activeFile, mediaViewer.currentIndex)

    const moveLeft = () => {
        const [media, index] = mediaViewer.prevActive()
        setImg(media, index)
    }
    const doRight = () => {
        const [media, index] = mediaViewer.nextActive()
        setImg(media, index)
    }
    const openImg = () => {
        window.open(mediaViewer.activeFile.path, '_blank')
    }
    if (assets.length === 1) {
        container.classList.add('media-container--fullscreen')
    } else {
        leftArrow.addEventListener('click', moveLeft)
        rightArrow.addEventListener('click', doRight)
    }
    imageEl.addEventListener('click', openImg)
}

module.exports = {
    setup,
}

},{}],7:[function(require,module,exports){
const { manager } = require('./datamanager.js')
const storageModule = require('./storage.js')

const genericSort = (list, key, ascending, customOrder) => {
    let sorted
    if (customOrder) {
        sorted = list.sort((a, b) => {
            const aValue = a.result.toLowerCase()
            const bValue = b.result.toLowerCase()

            const aIndex = customOrder.findIndex((item) => item.toLowerCase() === aValue)
            const bIndex = customOrder.findIndex((item) => item.toLowerCase() === bValue)

            // Compare the indices to determine the sort order
            return aIndex - bIndex
        })
    } else {
        sorted = list.sort((a, b) => a[key] === b[key] ? 0 : a[key] > b[key] ? 1 : -1)
    }

    if (ascending) {
        sorted.reverse()
    }
    return sorted
}

const durationSort = (list, ascending) => {
    const parseDuration = (duration) => {
        if (duration.includes(':')) {
            // If it's in the format "HH:mm:ss"
            const [hours, minutes, seconds] = duration.split(':').map(Number)
            return (hours * 3600 + minutes * 60 + seconds) * 1000
        } else {
            // If it's in the format "nnn ms"
            return parseInt(duration)
        }
    }
    const sorted = list.sort((a, b) => parseDuration(a['duration']) - parseDuration(b['duration']))
    if (ascending) {
        sorted.reverse()
    }
    return sorted
}

const doInitSort = () => {
    const type = storageModule.getSort(manager.initialSort)
    const ascending = storageModule.getSortDirection()
    const list = manager.testSubset
    const initialOrder = ['Error', 'Failed', 'Rerun', 'XFailed', 'XPassed', 'Skipped', 'Passed']

    storageModule.setSort(type)
    storageModule.setSortDirection(ascending)

    if (type?.toLowerCase() === 'original') {
        manager.setRender(list)
    } else {
        let sortedList
        switch (type) {
        case 'duration':
            sortedList = durationSort(list, ascending)
            break
        case 'result':
            sortedList = genericSort(list, type, ascending, initialOrder)
            break
        default:
            sortedList = genericSort(list, type, ascending)
            break
        }
        manager.setRender(sortedList)
    }
}

const doSort = (type, skipDirection) => {
    const newSortType = storageModule.getSort(manager.initialSort) !== type
    const currentAsc = storageModule.getSortDirection()
    let ascending
    if (skipDirection) {
        ascending = currentAsc
    } else {
        ascending = newSortType ? false : !currentAsc
    }
    storageModule.setSort(type)
    storageModule.setSortDirection(ascending)

    const list = manager.testSubset
    const sortedList = type === 'duration' ? durationSort(list, ascending) : genericSort(list, type, ascending)
    manager.setRender(sortedList)
}

module.exports = {
    doInitSort,
    doSort,
}

},{"./datamanager.js":1,"./storage.js":8}],8:[function(require,module,exports){
const possibleFilters = [
    'passed',
    'skipped',
    'failed',
    'error',
    'xfailed',
    'xpassed',
    'rerun',
]

const getVisible = () => {
    const url = new URL(window.location.href)
    const settings = new URLSearchParams(url.search).get('visible')
    const lower = (item) => {
        const lowerItem = item.toLowerCase()
        if (possibleFilters.includes(lowerItem)) {
            return lowerItem
        }
        return null
    }
    return settings === null ?
        possibleFilters :
        [...new Set(settings?.split(',').map(lower).filter((item) => item))]
}

const hideCategory = (categoryToHide) => {
    const url = new URL(window.location.href)
    const visibleParams = new URLSearchParams(url.search).get('visible')
    const currentVisible = visibleParams ? visibleParams.split(',') : [...possibleFilters]
    const settings = [...new Set(currentVisible)].filter((f) => f !== categoryToHide).join(',')

    url.searchParams.set('visible', settings)
    window.history.pushState({}, null, unescape(url.href))
}

const showCategory = (categoryToShow) => {
    if (typeof window === 'undefined') {
        return
    }
    const url = new URL(window.location.href)
    const currentVisible = new URLSearchParams(url.search).get('visible')?.split(',').filter(Boolean) ||
        [...possibleFilters]
    const settings = [...new Set([categoryToShow, ...currentVisible])]
    const noFilter = possibleFilters.length === settings.length || !settings.length

    noFilter ? url.searchParams.delete('visible') : url.searchParams.set('visible', settings.join(','))
    window.history.pushState({}, null, unescape(url.href))
}

const getSort = (initialSort) => {
    const url = new URL(window.location.href)
    let sort = new URLSearchParams(url.search).get('sort')
    if (!sort) {
        sort = initialSort || 'result'
    }
    return sort
}

const setSort = (type) => {
    const url = new URL(window.location.href)
    url.searchParams.set('sort', type)
    window.history.pushState({}, null, unescape(url.href))
}

const getCollapsedCategory = (renderCollapsed) => {
    let categories
    if (typeof window !== 'undefined') {
        const url = new URL(window.location.href)
        const collapsedItems = new URLSearchParams(url.search).get('collapsed')
        switch (true) {
        case !renderCollapsed && collapsedItems === null:
            categories = ['passed']
            break
        case collapsedItems?.length === 0 || /^["']{2}$/.test(collapsedItems):
            categories = []
            break
        case /^all$/.test(collapsedItems) || collapsedItems === null && /^all$/.test(renderCollapsed):
            categories = [...possibleFilters]
            break
        default:
            categories = collapsedItems?.split(',').map((item) => item.toLowerCase()) || renderCollapsed
            break
        }
    } else {
        categories = []
    }
    return categories
}

const getSortDirection = () => JSON.parse(sessionStorage.getItem('sortAsc')) || false
const setSortDirection = (ascending) => sessionStorage.setItem('sortAsc', ascending)

const getCollapsedIds = () => JSON.parse(sessionStorage.getItem('collapsedIds')) || []
const setCollapsedIds = (list) => sessionStorage.setItem('collapsedIds', JSON.stringify(list))

module.exports = {
    getVisible,
    hideCategory,
    showCategory,
    getCollapsedIds,
    setCollapsedIds,
    getSort,
    setSort,
    getSortDirection,
    setSortDirection,
    getCollapsedCategory,
    possibleFilters,
}

},{}]},{},[4]);
    </script>
  </footer>
</html>